[2019-11-08T18:09:58.698+0100] [Payara 5.193] [WARNING] [] [com.hazelcast.spi.impl.operationservice.impl.InvocationMonitor] [tid: _ThreadID=93 _ThreadName=hz._hzInstance_1_development.InvocationMonitorThread] [timeMillis: 1573232998698] [levelValue: 900] [[
  [fe80:0:0:0:1c05:a1ff:fe6e:9278]:4900 [development] [3.12] MonitorInvocationsTask delayed 2315418 ms]]

[2019-11-08T18:09:58.741+0100] [Payara 5.193] [WARNING] [] [com.hazelcast.internal.cluster.impl.ClusterHeartbeatManager] [tid: _ThreadID=1235 _ThreadName=hz._hzInstance_1_development.cached.thread-12] [timeMillis: 1573232998741] [levelValue: 900] [[
  [fe80:0:0:0:1c05:a1ff:fe6e:9278]:4900 [development] [3.12] Resetting heartbeat timestamps because of huge system clock jump! Clock-Jump: 2311468 ms, Heartbeat-Timeout: 60000 ms]]

[2019-11-08T18:10:03.043+0100] [Payara 5.193] [WARNING] [] [com.hazelcast.spi.impl.operationservice.impl.InvocationMonitor] [tid: _ThreadID=93 _ThreadName=hz._hzInstance_1_development.InvocationMonitorThread] [timeMillis: 1573233003043] [levelValue: 900] [[
  [fe80:0:0:0:1c05:a1ff:fe6e:9278]:4900 [development] [3.12] BroadcastOperationControlTask delayed 2310762 ms]]

[2019-11-08T18:29:38.992+0100] [Payara 5.193] [INFO] [NCLS-REST-00001] [javax.enterprise.admin.rest] [tid: _ThreadID=53 _ThreadName=admin-thread-pool::admin-listener(1)] [timeMillis: 1573234178992] [levelValue: 800] [[
  Listening to REST requests at context: /command/domain.]]

[2019-11-08T18:29:39.087+0100] [Payara 5.193] [INFO] [NCLS-CORE-00092] [javax.enterprise.system.core] [tid: _ThreadID=1253 _ThreadName=Thread-38] [timeMillis: 1573234179087] [levelValue: 800] [[
  Server shutdown initiated]]

[2019-11-08T18:29:39.097+0100] [Payara 5.193] [INFO] [] [] [tid: _ThreadID=1253 _ThreadName=Thread-38] [timeMillis: 1573234179097] [levelValue: 800] [[
  FileMonitoring shutdown]]

[2019-11-08T18:29:39.106+0100] [Payara 5.193] [INFO] [NCLS-JMX-00002] [javax.enterprise.system.jmx] [tid: _ThreadID=1253 _ThreadName=Thread-38] [timeMillis: 1573234179106] [levelValue: 800] [[
  JMXStartupService: Stopped JMXConnectorServer: null]]

[2019-11-08T18:29:39.106+0100] [Payara 5.193] [INFO] [NCLS-JMX-00001] [javax.enterprise.system.jmx] [tid: _ThreadID=1253 _ThreadName=Thread-38] [timeMillis: 1573234179106] [levelValue: 800] [[
  JMXStartupService and JMXConnectors have been shut down.]]

[2019-11-08T18:29:39.270+0100] [Payara 5.193] [INFO] [] [fish.payara.nucleus.hazelcast.HazelcastCore] [tid: _ThreadID=1259 _ThreadName=RunLevelControllerThread-1573234179160] [timeMillis: 1573234179270] [levelValue: 800] [[
  Hazelcast Instance Unbound from JNDI at payara/Hazelcast]]

[2019-11-08T18:29:39.271+0100] [Payara 5.193] [INFO] [] [fish.payara.nucleus.hazelcast.HazelcastCore] [tid: _ThreadID=1259 _ThreadName=RunLevelControllerThread-1573234179160] [timeMillis: 1573234179271] [levelValue: 800] [[
  JSR107 Caching Provider Unbound from JNDI at payara/CachingProvider]]

[2019-11-08T18:29:39.272+0100] [Payara 5.193] [INFO] [] [fish.payara.nucleus.hazelcast.HazelcastCore] [tid: _ThreadID=1259 _ThreadName=RunLevelControllerThread-1573234179160] [timeMillis: 1573234179272] [levelValue: 800] [[
  JSR107 Cache Manager Unbound from JNDI at payara/CacheManager]]

[2019-11-08T18:29:39.324+0100] [Payara 5.193] [INFO] [] [fish.payara.nucleus.hazelcast.HazelcastCore] [tid: _ThreadID=1259 _ThreadName=RunLevelControllerThread-1573234179160] [timeMillis: 1573234179324] [levelValue: 800] [[
  Shutdown Hazelcast]]

[2019-11-08T18:29:39.361+0100] [Payara 5.193] [INFO] [] [] [tid: _ThreadID=1257 _ThreadName=RunLevelControllerThread-1573234179158] [timeMillis: 1573234179361] [levelValue: 800] [[
  JdbcRuntimeExtension,  getAllSystemRAResourcesAndPools = [GlassFishConfigBean.org.glassfish.jdbc.config.JdbcResource, GlassFishConfigBean.org.glassfish.jdbc.config.JdbcResource, GlassFishConfigBean.org.glassfish.jdbc.config.JdbcResource, GlassFishConfigBean.org.glassfish.jdbc.config.JdbcConnectionPool, GlassFishConfigBean.org.glassfish.jdbc.config.JdbcConnectionPool, GlassFishConfigBean.org.glassfish.jdbc.config.JdbcConnectionPool, GlassFishConfigBean.org.glassfish.jdbc.config.JdbcConnectionPool, GlassFishConfigBean.org.glassfish.jdbc.config.JdbcResource]]]

[2019-11-08T18:29:39.379+0100] [Payara 5.193] [INFO] [] [javax.enterprise.resource.resourceadapter.com.sun.enterprise.connectors.service] [tid: _ThreadID=1274 _ThreadName=Thread-46] [timeMillis: 1573234179379] [levelValue: 800] [[
  RAR7094: __ds_jdbc_ra shutdown successful.]]

[2019-11-09T15:03:39.179+0100] [] [INFO] [NCLS-GFLAUNCHER-00005] [javax.enterprise.launcher] [tid: _ThreadID=1 _ThreadName=main] [timeMillis: 1573308219179] [levelValue: 800] [[
  JVM invocation command line:
/usr/lib/jvm/java-8-openjdk/bin/java
-cp
/home/david/HEIG-VD/AMT/Teaching-HEIGVD-AMT-2019-Project-One/images/payara5/glassfish/modules/glassfish.jar
-agentlib:jdwp=transport=dt_socket,address=9009,server=n,suspend=y
-XX:+UnlockDiagnosticVMOptions
-XX:NewRatio=2
-Xbootclasspath/p:/home/david/HEIG-VD/AMT/Teaching-HEIGVD-AMT-2019-Project-One/images/payara5/glassfish/lib/grizzly-npn-bootstrap-1.8.1.jar
-Xmx512m
-client
-javaagent:/home/david/HEIG-VD/AMT/Teaching-HEIGVD-AMT-2019-Project-One/images/payara5/glassfish/lib/monitor/flashlight-agent.jar
-Djavax.xml.accessExternalSchema=all
-Djavax.net.ssl.trustStore=/home/david/HEIG-VD/AMT/Teaching-HEIGVD-AMT-2019-Project-One/images/payara5/glassfish/domains/domain1/config/cacerts.jks
-Djdk.tls.rejectClientInitiatedRenegotiation=true
-Djdk.corba.allowOutputStreamSubclass=true
-Dfelix.fileinstall.dir=/home/david/HEIG-VD/AMT/Teaching-HEIGVD-AMT-2019-Project-One/images/payara5/glassfish/modules/autostart/
-Dorg.glassfish.additionalOSGiBundlesToStart=org.apache.felix.shell,org.apache.felix.gogo.runtime,org.apache.felix.gogo.shell,org.apache.felix.gogo.command,org.apache.felix.shell.remote,org.apache.felix.fileinstall
-Dcom.sun.aas.installRoot=/home/david/HEIG-VD/AMT/Teaching-HEIGVD-AMT-2019-Project-One/images/payara5/glassfish
-Dfelix.fileinstall.poll=5000
-Djava.security.policy=/home/david/HEIG-VD/AMT/Teaching-HEIGVD-AMT-2019-Project-One/images/payara5/glassfish/domains/domain1/config/server.policy
-Djava.endorsed.dirs=/home/david/HEIG-VD/AMT/Teaching-HEIGVD-AMT-2019-Project-One/images/payara5/glassfish/modules/endorsed:/home/david/HEIG-VD/AMT/Teaching-HEIGVD-AMT-2019-Project-One/images/payara5/glassfish/lib/endorsed
-Dosgi.shell.telnet.maxconn=1
-Dfelix.fileinstall.bundles.startTransient=true
-Dcom.sun.enterprise.config.config_environment_factory_class=com.sun.enterprise.config.serverbeans.AppserverConfigEnvironmentFactory
-Dfelix.fileinstall.log.level=2
-Djavax.net.ssl.keyStore=/home/david/HEIG-VD/AMT/Teaching-HEIGVD-AMT-2019-Project-One/images/payara5/glassfish/domains/domain1/config/keystore.jks
-Djava.security.auth.login.config=/home/david/HEIG-VD/AMT/Teaching-HEIGVD-AMT-2019-Project-One/images/payara5/glassfish/domains/domain1/config/login.conf
-Dfelix.fileinstall.disableConfigSave=false
-Dorg.glassfish.grizzly.DEFAULT_MEMORY_MANAGER=org.glassfish.grizzly.memory.HeapMemoryManager
-Dfelix.fileinstall.bundles.new.start=true
-Dcom.sun.aas.instanceRoot=/home/david/HEIG-VD/AMT/Teaching-HEIGVD-AMT-2019-Project-One/images/payara5/glassfish/domains/domain1
-Dosgi.shell.telnet.port=6666
-Dgosh.args=--nointeractive
-Dcom.sun.enterprise.security.httpsOutboundKeyAlias=s1as
-Dorg.jboss.weld.serialization.beanIdentifierIndexOptimization=false
-Dosgi.shell.telnet.ip=127.0.0.1
-DANTLR_USE_DIRECT_CLASS_LOADING=true
-Djava.awt.headless=true
-Dcom.ctc.wstx.returnNullForDefaultNamespace=true
-Djava.ext.dirs=/usr/lib/jvm/java-8-openjdk/lib/ext:/usr/lib/jvm/java-8-openjdk/jre/lib/ext:/home/david/HEIG-VD/AMT/Teaching-HEIGVD-AMT-2019-Project-One/images/payara5/glassfish/domains/domain1/lib/ext
-Djdbc.drivers=org.apache.derby.jdbc.ClientDriver
-Dorg.glassfish.grizzly.nio.DefaultSelectorHandler.force-selector-spin-detection=true
-Djava.library.path=/home/david/HEIG-VD/AMT/Teaching-HEIGVD-AMT-2019-Project-One/images/payara5/glassfish/lib:/usr/java/packages/lib/amd64:/usr/lib64:/lib64:/lib:/usr/lib
com.sun.enterprise.glassfish.bootstrap.ASMain
-upgrade
false
-domaindir
/home/david/HEIG-VD/AMT/Teaching-HEIGVD-AMT-2019-Project-One/images/payara5/glassfish/domains/domain1
-read-stdin
true
-asadmin-args
--host,,,localhost,,,--port,,,4848,,,--secure=false,,,--terse=false,,,--extraterse=false,,,--echo=false,,,--interactive=false,,,--autoname=false,,,start-domain,,,--verbose=false,,,--watchdog=false,,,--debug=true,,,--domaindir,,,/home/david/HEIG-VD/AMT/Teaching-HEIGVD-AMT-2019-Project-One/images/payara5/glassfish/domains,,,domain1
-domainname
domain1
-instancename
server
-type
DAS
-verbose
false
-asadmin-classpath
/home/david/HEIG-VD/AMT/Teaching-HEIGVD-AMT-2019-Project-One/images/payara5/glassfish/lib/client/appserver-cli.jar
-debug
true
-asadmin-classname
com.sun.enterprise.admin.cli.AdminMain
-watchdog
false]]

[2019-11-09T15:03:42.452+0100] [Payara 5.193] [INFO] [NCLS-LOGGING-00009] [javax.enterprise.logging] [tid: _ThreadID=29 _ThreadName=RunLevelControllerThread-1573308222333] [timeMillis: 1573308222452] [levelValue: 800] [[
  Running Payara Version: Payara Server  5.193.1 #badassfish (build 275)]]

[2019-11-09T15:03:42.458+0100] [Payara 5.193] [INFO] [NCLS-LOGGING-00010] [javax.enterprise.logging] [tid: _ThreadID=29 _ThreadName=RunLevelControllerThread-1573308222333] [timeMillis: 1573308222458] [levelValue: 800] [[
  Server log file is using Formatter class: com.sun.enterprise.server.logging.ODLLogFormatter]]

[2019-11-09T15:03:42.884+0100] [Payara 5.193] [INFO] [] [org.glassfish.ha.store.spi.BackingStoreFactoryRegistry] [tid: _ThreadID=29 _ThreadName=RunLevelControllerThread-1573308222333] [timeMillis: 1573308222884] [levelValue: 800] [[
  Registered fish.payara.ha.hazelcast.store.HazelcastBackingStoreFactoryProxy for persistence-type = hazelcast in BackingStoreFactoryRegistry]]

[2019-11-09T15:03:43.041+0100] [Payara 5.193] [INFO] [NCLS-CORE-00101] [javax.enterprise.system.core] [tid: _ThreadID=28 _ThreadName=RunLevelControllerThread-1573308222332] [timeMillis: 1573308223041] [levelValue: 800] [[
  Network Listener http-listener-1 started in: 16ms - bound to [/0.0.0.0:8080]]]

[2019-11-09T15:03:43.098+0100] [Payara 5.193] [INFO] [NCLS-CORE-00101] [javax.enterprise.system.core] [tid: _ThreadID=28 _ThreadName=RunLevelControllerThread-1573308222332] [timeMillis: 1573308223098] [levelValue: 800] [[
  Network Listener http-listener-2 started in: 3ms - bound to [/0.0.0.0:8181]]]

[2019-11-09T15:03:43.134+0100] [Payara 5.193] [INFO] [NCLS-CORE-00101] [javax.enterprise.system.core] [tid: _ThreadID=28 _ThreadName=RunLevelControllerThread-1573308222332] [timeMillis: 1573308223134] [levelValue: 800] [[
  Network Listener admin-listener started in: 7ms - bound to [/0.0.0.0:4848]]]

[2019-11-09T15:03:43.136+0100] [Payara 5.193] [INFO] [NCLS-CORE-00087] [javax.enterprise.system.core] [tid: _ThreadID=28 _ThreadName=RunLevelControllerThread-1573308222332] [timeMillis: 1573308223136] [levelValue: 800] [[
  Grizzly 2.4.3 started in: 440ms - bound to [http-listener-1:8080, http-listener-2:8181, admin-listener:4848]]]

[2019-11-09T15:03:43.380+0100] [Payara 5.193] [INFO] [NCLS-CORE-00101] [javax.enterprise.system.core] [tid: _ThreadID=28 _ThreadName=RunLevelControllerThread-1573308222332] [timeMillis: 1573308223380] [levelValue: 800] [[
  Network Listener iiop-service started in: 5ms - bound to [/0.0.0.0:3700]]]

[2019-11-09T15:03:43.413+0100] [Payara 5.193] [INFO] [] [org.hibernate.validator.internal.util.Version] [tid: _ThreadID=29 _ThreadName=RunLevelControllerThread-1573308222333] [timeMillis: 1573308223413] [levelValue: 800] [[
  HV000001: Hibernate Validator 6.0.16.Final]]

[2019-11-09T15:03:43.987+0100] [Payara 5.193] [INFO] [] [javax.enterprise.resource.corba.org.glassfish.enterprise.iiop.api] [tid: _ThreadID=31 _ThreadName=RunLevelControllerThread-1573308222339] [timeMillis: 1573308223987] [levelValue: 800] [[
  GlassFishORBFactory service initialized.]]

[2019-11-09T15:03:44.293+0100] [Payara 5.193] [INFO] [NCLS-SECURITY-01002] [javax.enterprise.system.core.security] [tid: _ThreadID=31 _ThreadName=RunLevelControllerThread-1573308222339] [timeMillis: 1573308224293] [levelValue: 800] [[
  Java security manager is disabled.]]

[2019-11-09T15:03:44.293+0100] [Payara 5.193] [INFO] [NCLS-SECURITY-01010] [javax.enterprise.system.core.security] [tid: _ThreadID=31 _ThreadName=RunLevelControllerThread-1573308222339] [timeMillis: 1573308224293] [levelValue: 800] [[
  Entering Security Startup Service.]]

[2019-11-09T15:03:44.298+0100] [Payara 5.193] [INFO] [NCLS-SECURITY-01143] [javax.enterprise.system.core.security] [tid: _ThreadID=31 _ThreadName=RunLevelControllerThread-1573308222339] [timeMillis: 1573308224298] [levelValue: 800] [[
  Loading policy provider com.sun.enterprise.security.provider.PolicyWrapper.]]

[2019-11-09T15:03:44.337+0100] [Payara 5.193] [INFO] [NCLS-SECURITY-01011] [javax.enterprise.system.core.security] [tid: _ThreadID=31 _ThreadName=RunLevelControllerThread-1573308222339] [timeMillis: 1573308224337] [levelValue: 800] [[
  Security Service(s) started successfully.]]

[2019-11-09T15:03:44.585+0100] [Payara 5.193] [INFO] [AS-WEB-GLUE-00198] [javax.enterprise.web] [tid: _ThreadID=31 _ThreadName=RunLevelControllerThread-1573308222339] [timeMillis: 1573308224585] [levelValue: 800] [[
  Created HTTP listener http-listener-1 on host/port 0.0.0.0:8080]]

[2019-11-09T15:03:44.592+0100] [Payara 5.193] [INFO] [AS-WEB-GLUE-00198] [javax.enterprise.web] [tid: _ThreadID=31 _ThreadName=RunLevelControllerThread-1573308222339] [timeMillis: 1573308224592] [levelValue: 800] [[
  Created HTTP listener http-listener-2 on host/port 0.0.0.0:8181]]

[2019-11-09T15:03:44.594+0100] [Payara 5.193] [INFO] [AS-WEB-GLUE-00198] [javax.enterprise.web] [tid: _ThreadID=31 _ThreadName=RunLevelControllerThread-1573308222339] [timeMillis: 1573308224594] [levelValue: 800] [[
  Created HTTP listener admin-listener on host/port 0.0.0.0:4848]]

[2019-11-09T15:03:44.618+0100] [Payara 5.193] [INFO] [AS-WEB-GLUE-00200] [javax.enterprise.web] [tid: _ThreadID=31 _ThreadName=RunLevelControllerThread-1573308222339] [timeMillis: 1573308224618] [levelValue: 800] [[
  Created virtual server server]]

[2019-11-09T15:03:44.621+0100] [Payara 5.193] [INFO] [AS-WEB-GLUE-00200] [javax.enterprise.web] [tid: _ThreadID=31 _ThreadName=RunLevelControllerThread-1573308222339] [timeMillis: 1573308224621] [levelValue: 800] [[
  Created virtual server __asadmin]]

[2019-11-09T15:03:45.209+0100] [Payara 5.193] [INFO] [AS-WEB-GLUE-00201] [javax.enterprise.web] [tid: _ThreadID=31 _ThreadName=RunLevelControllerThread-1573308222339] [timeMillis: 1573308225209] [levelValue: 800] [[
  Virtual server server loaded default web module ]]

[2019-11-09T15:03:46.443+0100] [Payara 5.193] [INFO] [] [fish.payara.nucleus.hazelcast.HazelcastCore] [tid: _ThreadID=30 _ThreadName=RunLevelControllerThread-1573308222339] [timeMillis: 1573308226443] [levelValue: 800] [[
  Hazelcast Instance Bound to JNDI at payara/Hazelcast]]

[2019-11-09T15:03:46.444+0100] [Payara 5.193] [INFO] [] [fish.payara.nucleus.hazelcast.HazelcastCore] [tid: _ThreadID=30 _ThreadName=RunLevelControllerThread-1573308222339] [timeMillis: 1573308226444] [levelValue: 800] [[
  JSR107 Caching Provider Bound to JNDI at payara/CachingProvider]]

[2019-11-09T15:03:46.444+0100] [Payara 5.193] [INFO] [] [fish.payara.nucleus.hazelcast.HazelcastCore] [tid: _ThreadID=30 _ThreadName=RunLevelControllerThread-1573308222339] [timeMillis: 1573308226444] [levelValue: 800] [[
  JSR107 Default Cache Manager Bound to JNDI at payara/CacheManager]]

[2019-11-09T15:03:47.097+0100] [Payara 5.193] [INFO] [] [org.jboss.weld.Version] [tid: _ThreadID=31 _ThreadName=RunLevelControllerThread-1573308222339] [timeMillis: 1573308227097] [levelValue: 800] [[
  WELD-000900: 3.1.1 (Final)]]

[2019-11-09T15:03:47.266+0100] [Payara 5.193] [INFO] [AS-EJB-00054] [javax.enterprise.ejb.container] [tid: _ThreadID=31 _ThreadName=RunLevelControllerThread-1573308222339] [timeMillis: 1573308227266] [levelValue: 800] [[
  Portable JNDI names for EJB PiloteDAO: [java:global/Project-One/PiloteDAO, java:global/Project-One/PiloteDAO!services.dao.PiloteDAOLocal]]]

[2019-11-09T15:03:47.300+0100] [Payara 5.193] [INFO] [AS-EJB-00054] [javax.enterprise.ejb.container] [tid: _ThreadID=31 _ThreadName=RunLevelControllerThread-1573308222339] [timeMillis: 1573308227300] [levelValue: 800] [[
  Portable JNDI names for EJB AvionDAO: [java:global/Project-One/AvionDAO, java:global/Project-One/AvionDAO!services.dao.AvionDAOLocal]]]

[2019-11-09T15:03:47.306+0100] [Payara 5.193] [INFO] [AS-EJB-00054] [javax.enterprise.ejb.container] [tid: _ThreadID=31 _ThreadName=RunLevelControllerThread-1573308222339] [timeMillis: 1573308227306] [levelValue: 800] [[
  Portable JNDI names for EJB VolDAO: [java:global/Project-One/VolDAO!services.dao.VolDAOLocal, java:global/Project-One/VolDAO]]]

[2019-11-09T15:03:47.314+0100] [Payara 5.193] [INFO] [AS-EJB-00054] [javax.enterprise.ejb.container] [tid: _ThreadID=31 _ThreadName=RunLevelControllerThread-1573308222339] [timeMillis: 1573308227314] [levelValue: 800] [[
  Portable JNDI names for EJB TrajetDAO: [java:global/Project-One/TrajetDAO!services.dao.TrajetDAOLocal, java:global/Project-One/TrajetDAO]]]

[2019-11-09T15:03:49.101+0100] [Payara 5.193] [INFO] [] [fish.payara.micro.cdi.extension.ClusteredCDIEventBusImpl] [tid: _ThreadID=31 _ThreadName=RunLevelControllerThread-1573308222339] [timeMillis: 1573308229101] [levelValue: 800] [[
  Clustered CDI Event bus initialized]]

[2019-11-09T15:03:49.110+0100] [Payara 5.193] [INFO] [NCLS-CORE-00022] [javax.enterprise.system.core] [tid: _ThreadID=31 _ThreadName=RunLevelControllerThread-1573308222339] [timeMillis: 1573308229110] [levelValue: 800] [[
  Loading application Project-One done in 6,069 ms]]

[2019-11-09T15:03:49.206+0100] [Payara 5.193] [INFO] [] [org.glassfish.soteria.servlet.SamRegistrationInstaller] [tid: _ThreadID=31 _ThreadName=RunLevelControllerThread-1573308222339] [timeMillis: 1573308229206] [levelValue: 800] [[
  Initializing Soteria 1.1-b01 for context '/Project-One']]

[2019-11-09T15:03:49.263+0100] [Payara 5.193] [INFO] [jsf.config.listener.version] [javax.enterprise.resource.webcontainer.jsf.config] [tid: _ThreadID=31 _ThreadName=RunLevelControllerThread-1573308222339] [timeMillis: 1573308229263] [levelValue: 800] [[
  Initializing Mojarra 2.3.9.payara-p3 for context '/Project-One']]

[2019-11-09T15:03:49.994+0100] [Payara 5.193] [INFO] [AS-WEB-GLUE-00172] [javax.enterprise.web] [tid: _ThreadID=31 _ThreadName=RunLevelControllerThread-1573308222339] [timeMillis: 1573308229994] [levelValue: 800] [[
  Loading application [Project-One] at [/Project-One]]]

[2019-11-09T15:03:50.041+0100] [Payara 5.193] [INFO] [] [fish.payara.nucleus.cluster.PayaraCluster] [tid: _ThreadID=131 _ThreadName=Executor-Service-1] [timeMillis: 1573308230041] [levelValue: 800] [[
  Data Grid Status 
Payara Data Grid State: DG Version: 35 DG Name: development DG Size: 1
Instances: {
 DataGrid: development Instance Group: MicroShoal Name: server Lite: false This: true UUID: 244ef231-ad33-49b7-b134-e1d4bb67d486 Address: /fe80:0:0:0:1c05:a1ff:fe6e:9278%vetha00ec8e:4900
}]]

[2019-11-09T15:03:50.046+0100] [Payara 5.193] [INFO] [NCLS-CORE-00017] [javax.enterprise.system.core] [tid: _ThreadID=1 _ThreadName=main] [timeMillis: 1573308230046] [levelValue: 800] [[
  Payara Server  5.193.1 #badassfish (275) startup time : Felix (2,570ms), startup services(7,719ms), total(10,289ms)]]

[2019-11-09T15:03:50.051+0100] [Payara 5.193] [INFO] [] [fish.payara.nucleus.notification.NotificationService] [tid: _ThreadID=1 _ThreadName=main] [timeMillis: 1573308230051] [levelValue: 800] [[
  Payara Notification Service bootstrapped with configuration: NotificationExecutionOptions{enabled=true, notifierConfigurationExecutionOptionsList={LOG=LogNotifierConfigurationExecutionOptions{useSeparateLogFile=false} NotifierConfigurationExecutionOptions{notifierType=LOG, enabled=true, noisy=true}}}]]

[2019-11-09T15:03:50.208+0100] [Payara 5.193] [INFO] [NCLS-CORE-00101] [javax.enterprise.system.core] [tid: _ThreadID=29 _ThreadName=RunLevelControllerThread-1573308222333] [timeMillis: 1573308230208] [levelValue: 800] [[
  Network Listener JMS_PROXY_default_JMS_host started in: 1ms - bound to [/0.0.0.0:7676]]]

[2019-11-09T15:03:50.650+0100] [Payara 5.193] [INFO] [NCLS-JMX-00005] [javax.enterprise.system.jmx] [tid: _ThreadID=140 _ThreadName=Thread-11] [timeMillis: 1573308230650] [levelValue: 800] [[
  JMXStartupService has started JMXConnector on JMXService URL service:jmx:rmi://0.0.0.0:8686/jndi/rmi://0.0.0.0:8686/jmxrmi]]

[2019-11-09T15:03:50.681+0100] [Payara 5.193] [INFO] [] [org.jvnet.hk2.osgiadapter] [tid: _ThreadID=23 _ThreadName=FelixStartLevel] [timeMillis: 1573308230681] [levelValue: 800] [[
  Skipping registration of inhabitant for service reference [org.osgi.service.metatype.MetaTypeProvider] as the service object could not be obtained.]]

[2019-11-09T15:03:51.690+0100] [Payara 5.193] [INFO] [AS-EJB-00054] [javax.enterprise.ejb.container] [tid: _ThreadID=52 _ThreadName=admin-thread-pool::admin-listener(1)] [timeMillis: 1573308231690] [levelValue: 800] [[
  Portable JNDI names for EJB PiloteDAO: [java:global/Project-One/PiloteDAO, java:global/Project-One/PiloteDAO!services.dao.PiloteDAOLocal]]]

[2019-11-09T15:03:51.697+0100] [Payara 5.193] [INFO] [AS-EJB-00054] [javax.enterprise.ejb.container] [tid: _ThreadID=52 _ThreadName=admin-thread-pool::admin-listener(1)] [timeMillis: 1573308231697] [levelValue: 800] [[
  Portable JNDI names for EJB VolDAO: [java:global/Project-One/VolDAO!services.dao.VolDAOLocal, java:global/Project-One/VolDAO]]]

[2019-11-09T15:03:51.703+0100] [Payara 5.193] [INFO] [AS-EJB-00054] [javax.enterprise.ejb.container] [tid: _ThreadID=52 _ThreadName=admin-thread-pool::admin-listener(1)] [timeMillis: 1573308231703] [levelValue: 800] [[
  Portable JNDI names for EJB AvionDAO: [java:global/Project-One/AvionDAO, java:global/Project-One/AvionDAO!services.dao.AvionDAOLocal]]]

[2019-11-09T15:03:51.709+0100] [Payara 5.193] [INFO] [AS-EJB-00054] [javax.enterprise.ejb.container] [tid: _ThreadID=52 _ThreadName=admin-thread-pool::admin-listener(1)] [timeMillis: 1573308231709] [levelValue: 800] [[
  Portable JNDI names for EJB TrajetDAO: [java:global/Project-One/TrajetDAO!services.dao.TrajetDAOLocal, java:global/Project-One/TrajetDAO]]]

[2019-11-09T15:03:52.125+0100] [Payara 5.193] [INFO] [] [fish.payara.micro.cdi.extension.ClusteredCDIEventBusImpl] [tid: _ThreadID=52 _ThreadName=admin-thread-pool::admin-listener(1)] [timeMillis: 1573308232125] [levelValue: 800] [[
  Clustered CDI Event bus initialized]]

[2019-11-09T15:03:52.159+0100] [Payara 5.193] [INFO] [] [org.glassfish.soteria.servlet.SamRegistrationInstaller] [tid: _ThreadID=52 _ThreadName=admin-thread-pool::admin-listener(1)] [timeMillis: 1573308232159] [levelValue: 800] [[
  Initializing Soteria 1.1-b01 for context '/Project-One']]

[2019-11-09T15:03:52.171+0100] [Payara 5.193] [INFO] [jsf.config.listener.version] [javax.enterprise.resource.webcontainer.jsf.config] [tid: _ThreadID=52 _ThreadName=admin-thread-pool::admin-listener(1)] [timeMillis: 1573308232171] [levelValue: 800] [[
  Initializing Mojarra 2.3.9.payara-p3 for context '/Project-One']]

[2019-11-09T15:03:52.290+0100] [Payara 5.193] [INFO] [AS-WEB-GLUE-00172] [javax.enterprise.web] [tid: _ThreadID=52 _ThreadName=admin-thread-pool::admin-listener(1)] [timeMillis: 1573308232290] [levelValue: 800] [[
  Loading application [Project-One] at [/Project-One]]]

[2019-11-09T15:03:52.414+0100] [Payara 5.193] [INFO] [] [javax.enterprise.system.core] [tid: _ThreadID=52 _ThreadName=admin-thread-pool::admin-listener(1)] [timeMillis: 1573308232414] [levelValue: 800] [[
  Project-One was successfully deployed in 1,562 milliseconds.]]

[2019-11-09T16:14:13.495+0100] [Payara 5.193] [INFO] [NCLS-REST-00001] [javax.enterprise.admin.rest] [tid: _ThreadID=52 _ThreadName=admin-thread-pool::admin-listener(1)] [timeMillis: 1573312453495] [levelValue: 800] [[
  Listening to REST requests at context: /command/domain.]]

[2019-11-09T16:14:13.609+0100] [Payara 5.193] [INFO] [NCLS-CORE-00092] [javax.enterprise.system.core] [tid: _ThreadID=262 _ThreadName=Thread-38] [timeMillis: 1573312453609] [levelValue: 800] [[
  Server shutdown initiated]]

[2019-11-09T16:14:13.617+0100] [Payara 5.193] [INFO] [] [] [tid: _ThreadID=262 _ThreadName=Thread-38] [timeMillis: 1573312453617] [levelValue: 800] [[
  FileMonitoring shutdown]]

[2019-11-09T16:14:13.625+0100] [Payara 5.193] [INFO] [NCLS-JMX-00002] [javax.enterprise.system.jmx] [tid: _ThreadID=262 _ThreadName=Thread-38] [timeMillis: 1573312453625] [levelValue: 800] [[
  JMXStartupService: Stopped JMXConnectorServer: null]]

[2019-11-09T16:14:13.626+0100] [Payara 5.193] [INFO] [NCLS-JMX-00001] [javax.enterprise.system.jmx] [tid: _ThreadID=262 _ThreadName=Thread-38] [timeMillis: 1573312453626] [levelValue: 800] [[
  JMXStartupService and JMXConnectors have been shut down.]]

[2019-11-09T16:14:14.443+0100] [Payara 5.193] [INFO] [] [fish.payara.nucleus.hazelcast.HazelcastCore] [tid: _ThreadID=266 _ThreadName=RunLevelControllerThread-1573312453690] [timeMillis: 1573312454443] [levelValue: 800] [[
  Hazelcast Instance Unbound from JNDI at payara/Hazelcast]]

[2019-11-09T16:14:14.443+0100] [Payara 5.193] [INFO] [] [fish.payara.nucleus.hazelcast.HazelcastCore] [tid: _ThreadID=266 _ThreadName=RunLevelControllerThread-1573312453690] [timeMillis: 1573312454443] [levelValue: 800] [[
  JSR107 Caching Provider Unbound from JNDI at payara/CachingProvider]]

[2019-11-09T16:14:14.444+0100] [Payara 5.193] [INFO] [] [fish.payara.nucleus.hazelcast.HazelcastCore] [tid: _ThreadID=266 _ThreadName=RunLevelControllerThread-1573312453690] [timeMillis: 1573312454444] [levelValue: 800] [[
  JSR107 Cache Manager Unbound from JNDI at payara/CacheManager]]

[2019-11-09T16:14:14.476+0100] [Payara 5.193] [INFO] [] [fish.payara.nucleus.hazelcast.HazelcastCore] [tid: _ThreadID=266 _ThreadName=RunLevelControllerThread-1573312453690] [timeMillis: 1573312454476] [levelValue: 800] [[
  Shutdown Hazelcast]]

[2019-11-09T16:14:14.512+0100] [Payara 5.193] [INFO] [] [] [tid: _ThreadID=264 _ThreadName=RunLevelControllerThread-1573312453683] [timeMillis: 1573312454512] [levelValue: 800] [[
  JdbcRuntimeExtension,  getAllSystemRAResourcesAndPools = [GlassFishConfigBean.org.glassfish.jdbc.config.JdbcResource, GlassFishConfigBean.org.glassfish.jdbc.config.JdbcResource, GlassFishConfigBean.org.glassfish.jdbc.config.JdbcResource, GlassFishConfigBean.org.glassfish.jdbc.config.JdbcConnectionPool, GlassFishConfigBean.org.glassfish.jdbc.config.JdbcConnectionPool, GlassFishConfigBean.org.glassfish.jdbc.config.JdbcConnectionPool, GlassFishConfigBean.org.glassfish.jdbc.config.JdbcConnectionPool, GlassFishConfigBean.org.glassfish.jdbc.config.JdbcResource]]]

[2019-11-09T16:14:14.524+0100] [Payara 5.193] [INFO] [] [javax.enterprise.resource.resourceadapter.com.sun.enterprise.connectors.service] [tid: _ThreadID=274 _ThreadName=Thread-45] [timeMillis: 1573312454524] [levelValue: 800] [[
  RAR7094: __ds_jdbc_ra shutdown successful.]]

[2019-11-09T16:14:38.214+0100] [] [INFO] [NCLS-GFLAUNCHER-00005] [javax.enterprise.launcher] [tid: _ThreadID=1 _ThreadName=main] [timeMillis: 1573312478214] [levelValue: 800] [[
  JVM invocation command line:
/usr/lib/jvm/java-8-openjdk/bin/java
-cp
/home/david/HEIG-VD/AMT/Teaching-HEIGVD-AMT-2019-Project-One/images/payara5/glassfish/modules/glassfish.jar
-agentlib:jdwp=transport=dt_socket,address=9009,server=n,suspend=y
-XX:+UnlockDiagnosticVMOptions
-XX:NewRatio=2
-Xbootclasspath/p:/home/david/HEIG-VD/AMT/Teaching-HEIGVD-AMT-2019-Project-One/images/payara5/glassfish/lib/grizzly-npn-bootstrap-1.8.1.jar
-Xmx512m
-client
-javaagent:/home/david/HEIG-VD/AMT/Teaching-HEIGVD-AMT-2019-Project-One/images/payara5/glassfish/lib/monitor/flashlight-agent.jar
-Djavax.xml.accessExternalSchema=all
-Djavax.net.ssl.trustStore=/home/david/HEIG-VD/AMT/Teaching-HEIGVD-AMT-2019-Project-One/images/payara5/glassfish/domains/domain1/config/cacerts.jks
-Djdk.tls.rejectClientInitiatedRenegotiation=true
-Djdk.corba.allowOutputStreamSubclass=true
-Dfelix.fileinstall.dir=/home/david/HEIG-VD/AMT/Teaching-HEIGVD-AMT-2019-Project-One/images/payara5/glassfish/modules/autostart/
-Dorg.glassfish.additionalOSGiBundlesToStart=org.apache.felix.shell,org.apache.felix.gogo.runtime,org.apache.felix.gogo.shell,org.apache.felix.gogo.command,org.apache.felix.shell.remote,org.apache.felix.fileinstall
-Dcom.sun.aas.installRoot=/home/david/HEIG-VD/AMT/Teaching-HEIGVD-AMT-2019-Project-One/images/payara5/glassfish
-Dfelix.fileinstall.poll=5000
-Djava.security.policy=/home/david/HEIG-VD/AMT/Teaching-HEIGVD-AMT-2019-Project-One/images/payara5/glassfish/domains/domain1/config/server.policy
-Djava.endorsed.dirs=/home/david/HEIG-VD/AMT/Teaching-HEIGVD-AMT-2019-Project-One/images/payara5/glassfish/modules/endorsed:/home/david/HEIG-VD/AMT/Teaching-HEIGVD-AMT-2019-Project-One/images/payara5/glassfish/lib/endorsed
-Dosgi.shell.telnet.maxconn=1
-Dfelix.fileinstall.bundles.startTransient=true
-Dcom.sun.enterprise.config.config_environment_factory_class=com.sun.enterprise.config.serverbeans.AppserverConfigEnvironmentFactory
-Dfelix.fileinstall.log.level=2
-Djavax.net.ssl.keyStore=/home/david/HEIG-VD/AMT/Teaching-HEIGVD-AMT-2019-Project-One/images/payara5/glassfish/domains/domain1/config/keystore.jks
-Djava.security.auth.login.config=/home/david/HEIG-VD/AMT/Teaching-HEIGVD-AMT-2019-Project-One/images/payara5/glassfish/domains/domain1/config/login.conf
-Dfelix.fileinstall.disableConfigSave=false
-Dorg.glassfish.grizzly.DEFAULT_MEMORY_MANAGER=org.glassfish.grizzly.memory.HeapMemoryManager
-Dfelix.fileinstall.bundles.new.start=true
-Dcom.sun.aas.instanceRoot=/home/david/HEIG-VD/AMT/Teaching-HEIGVD-AMT-2019-Project-One/images/payara5/glassfish/domains/domain1
-Dosgi.shell.telnet.port=6666
-Dgosh.args=--nointeractive
-Dcom.sun.enterprise.security.httpsOutboundKeyAlias=s1as
-Dorg.jboss.weld.serialization.beanIdentifierIndexOptimization=false
-Dosgi.shell.telnet.ip=127.0.0.1
-DANTLR_USE_DIRECT_CLASS_LOADING=true
-Djava.awt.headless=true
-Dcom.ctc.wstx.returnNullForDefaultNamespace=true
-Djava.ext.dirs=/usr/lib/jvm/java-8-openjdk/lib/ext:/usr/lib/jvm/java-8-openjdk/jre/lib/ext:/home/david/HEIG-VD/AMT/Teaching-HEIGVD-AMT-2019-Project-One/images/payara5/glassfish/domains/domain1/lib/ext
-Djdbc.drivers=org.apache.derby.jdbc.ClientDriver
-Dorg.glassfish.grizzly.nio.DefaultSelectorHandler.force-selector-spin-detection=true
-Djava.library.path=/home/david/HEIG-VD/AMT/Teaching-HEIGVD-AMT-2019-Project-One/images/payara5/glassfish/lib:/usr/java/packages/lib/amd64:/usr/lib64:/lib64:/lib:/usr/lib
com.sun.enterprise.glassfish.bootstrap.ASMain
-upgrade
false
-domaindir
/home/david/HEIG-VD/AMT/Teaching-HEIGVD-AMT-2019-Project-One/images/payara5/glassfish/domains/domain1
-read-stdin
true
-asadmin-args
--host,,,localhost,,,--port,,,4848,,,--secure=false,,,--terse=false,,,--extraterse=false,,,--echo=false,,,--interactive=false,,,--autoname=false,,,start-domain,,,--verbose=false,,,--watchdog=false,,,--debug=true,,,--domaindir,,,/home/david/HEIG-VD/AMT/Teaching-HEIGVD-AMT-2019-Project-One/images/payara5/glassfish/domains,,,domain1
-domainname
domain1
-instancename
server
-type
DAS
-verbose
false
-asadmin-classpath
/home/david/HEIG-VD/AMT/Teaching-HEIGVD-AMT-2019-Project-One/images/payara5/glassfish/lib/client/appserver-cli.jar
-debug
true
-asadmin-classname
com.sun.enterprise.admin.cli.AdminMain
-watchdog
false]]

[2019-11-09T16:14:41.130+0100] [Payara 5.193] [INFO] [NCLS-LOGGING-00009] [javax.enterprise.logging] [tid: _ThreadID=29 _ThreadName=RunLevelControllerThread-1573312480984] [timeMillis: 1573312481130] [levelValue: 800] [[
  Running Payara Version: Payara Server  5.193.1 #badassfish (build 275)]]

[2019-11-09T16:14:41.137+0100] [Payara 5.193] [INFO] [NCLS-LOGGING-00010] [javax.enterprise.logging] [tid: _ThreadID=29 _ThreadName=RunLevelControllerThread-1573312480984] [timeMillis: 1573312481137] [levelValue: 800] [[
  Server log file is using Formatter class: com.sun.enterprise.server.logging.ODLLogFormatter]]

[2019-11-09T16:14:41.674+0100] [Payara 5.193] [INFO] [] [org.glassfish.ha.store.spi.BackingStoreFactoryRegistry] [tid: _ThreadID=31 _ThreadName=RunLevelControllerThread-1573312480992] [timeMillis: 1573312481674] [levelValue: 800] [[
  Registered fish.payara.ha.hazelcast.store.HazelcastBackingStoreFactoryProxy for persistence-type = hazelcast in BackingStoreFactoryRegistry]]

[2019-11-09T16:14:41.931+0100] [Payara 5.193] [INFO] [NCLS-CORE-00101] [javax.enterprise.system.core] [tid: _ThreadID=30 _ThreadName=RunLevelControllerThread-1573312480991] [timeMillis: 1573312481931] [levelValue: 800] [[
  Network Listener http-listener-1 started in: 28ms - bound to [/0.0.0.0:8080]]]

[2019-11-09T16:14:42.064+0100] [Payara 5.193] [INFO] [NCLS-CORE-00101] [javax.enterprise.system.core] [tid: _ThreadID=30 _ThreadName=RunLevelControllerThread-1573312480991] [timeMillis: 1573312482064] [levelValue: 800] [[
  Network Listener http-listener-2 started in: 1ms - bound to [/0.0.0.0:8181]]]

[2019-11-09T16:14:42.100+0100] [Payara 5.193] [INFO] [NCLS-CORE-00101] [javax.enterprise.system.core] [tid: _ThreadID=30 _ThreadName=RunLevelControllerThread-1573312480991] [timeMillis: 1573312482100] [levelValue: 800] [[
  Network Listener admin-listener started in: 2ms - bound to [/0.0.0.0:4848]]]

[2019-11-09T16:14:42.102+0100] [Payara 5.193] [INFO] [NCLS-CORE-00087] [javax.enterprise.system.core] [tid: _ThreadID=30 _ThreadName=RunLevelControllerThread-1573312480991] [timeMillis: 1573312482102] [levelValue: 800] [[
  Grizzly 2.4.3 started in: 797ms - bound to [http-listener-1:8080, http-listener-2:8181, admin-listener:4848]]]

[2019-11-09T16:14:42.430+0100] [Payara 5.193] [INFO] [NCLS-CORE-00101] [javax.enterprise.system.core] [tid: _ThreadID=30 _ThreadName=RunLevelControllerThread-1573312480991] [timeMillis: 1573312482430] [levelValue: 800] [[
  Network Listener iiop-service started in: 1ms - bound to [/0.0.0.0:3700]]]

[2019-11-09T16:14:42.441+0100] [Payara 5.193] [INFO] [] [org.hibernate.validator.internal.util.Version] [tid: _ThreadID=29 _ThreadName=RunLevelControllerThread-1573312480984] [timeMillis: 1573312482441] [levelValue: 800] [[
  HV000001: Hibernate Validator 6.0.16.Final]]

[2019-11-09T16:14:43.284+0100] [Payara 5.193] [INFO] [] [javax.enterprise.resource.corba.org.glassfish.enterprise.iiop.api] [tid: _ThreadID=31 _ThreadName=RunLevelControllerThread-1573312480992] [timeMillis: 1573312483284] [levelValue: 800] [[
  GlassFishORBFactory service initialized.]]

[2019-11-09T16:14:44.034+0100] [Payara 5.193] [INFO] [NCLS-SECURITY-01002] [javax.enterprise.system.core.security] [tid: _ThreadID=31 _ThreadName=RunLevelControllerThread-1573312480992] [timeMillis: 1573312484034] [levelValue: 800] [[
  Java security manager is disabled.]]

[2019-11-09T16:14:44.035+0100] [Payara 5.193] [INFO] [NCLS-SECURITY-01010] [javax.enterprise.system.core.security] [tid: _ThreadID=31 _ThreadName=RunLevelControllerThread-1573312480992] [timeMillis: 1573312484035] [levelValue: 800] [[
  Entering Security Startup Service.]]

[2019-11-09T16:14:44.046+0100] [Payara 5.193] [INFO] [NCLS-SECURITY-01143] [javax.enterprise.system.core.security] [tid: _ThreadID=31 _ThreadName=RunLevelControllerThread-1573312480992] [timeMillis: 1573312484046] [levelValue: 800] [[
  Loading policy provider com.sun.enterprise.security.provider.PolicyWrapper.]]

[2019-11-09T16:14:44.136+0100] [Payara 5.193] [INFO] [NCLS-SECURITY-01011] [javax.enterprise.system.core.security] [tid: _ThreadID=31 _ThreadName=RunLevelControllerThread-1573312480992] [timeMillis: 1573312484136] [levelValue: 800] [[
  Security Service(s) started successfully.]]

[2019-11-09T16:14:44.557+0100] [Payara 5.193] [INFO] [AS-WEB-GLUE-00198] [javax.enterprise.web] [tid: _ThreadID=31 _ThreadName=RunLevelControllerThread-1573312480992] [timeMillis: 1573312484557] [levelValue: 800] [[
  Created HTTP listener http-listener-1 on host/port 0.0.0.0:8080]]

[2019-11-09T16:14:44.585+0100] [Payara 5.193] [INFO] [AS-WEB-GLUE-00198] [javax.enterprise.web] [tid: _ThreadID=31 _ThreadName=RunLevelControllerThread-1573312480992] [timeMillis: 1573312484585] [levelValue: 800] [[
  Created HTTP listener http-listener-2 on host/port 0.0.0.0:8181]]

[2019-11-09T16:14:44.590+0100] [Payara 5.193] [INFO] [AS-WEB-GLUE-00198] [javax.enterprise.web] [tid: _ThreadID=31 _ThreadName=RunLevelControllerThread-1573312480992] [timeMillis: 1573312484590] [levelValue: 800] [[
  Created HTTP listener admin-listener on host/port 0.0.0.0:4848]]

[2019-11-09T16:14:44.627+0100] [Payara 5.193] [INFO] [AS-WEB-GLUE-00200] [javax.enterprise.web] [tid: _ThreadID=31 _ThreadName=RunLevelControllerThread-1573312480992] [timeMillis: 1573312484627] [levelValue: 800] [[
  Created virtual server server]]

[2019-11-09T16:14:44.630+0100] [Payara 5.193] [INFO] [AS-WEB-GLUE-00200] [javax.enterprise.web] [tid: _ThreadID=31 _ThreadName=RunLevelControllerThread-1573312480992] [timeMillis: 1573312484630] [levelValue: 800] [[
  Created virtual server __asadmin]]

[2019-11-09T16:14:45.039+0100] [Payara 5.193] [INFO] [AS-WEB-GLUE-00201] [javax.enterprise.web] [tid: _ThreadID=31 _ThreadName=RunLevelControllerThread-1573312480992] [timeMillis: 1573312485039] [levelValue: 800] [[
  Virtual server server loaded default web module ]]

[2019-11-09T16:14:47.265+0100] [Payara 5.193] [INFO] [] [fish.payara.nucleus.hazelcast.HazelcastCore] [tid: _ThreadID=28 _ThreadName=RunLevelControllerThread-1573312480983] [timeMillis: 1573312487265] [levelValue: 800] [[
  Hazelcast Instance Bound to JNDI at payara/Hazelcast]]

[2019-11-09T16:14:47.266+0100] [Payara 5.193] [INFO] [] [fish.payara.nucleus.hazelcast.HazelcastCore] [tid: _ThreadID=28 _ThreadName=RunLevelControllerThread-1573312480983] [timeMillis: 1573312487266] [levelValue: 800] [[
  JSR107 Caching Provider Bound to JNDI at payara/CachingProvider]]

[2019-11-09T16:14:47.267+0100] [Payara 5.193] [INFO] [] [fish.payara.nucleus.hazelcast.HazelcastCore] [tid: _ThreadID=28 _ThreadName=RunLevelControllerThread-1573312480983] [timeMillis: 1573312487267] [levelValue: 800] [[
  JSR107 Default Cache Manager Bound to JNDI at payara/CacheManager]]

[2019-11-09T16:14:48.614+0100] [Payara 5.193] [INFO] [] [org.jboss.weld.Version] [tid: _ThreadID=31 _ThreadName=RunLevelControllerThread-1573312480992] [timeMillis: 1573312488614] [levelValue: 800] [[
  WELD-000900: 3.1.1 (Final)]]

[2019-11-09T16:14:48.803+0100] [Payara 5.193] [INFO] [AS-EJB-00054] [javax.enterprise.ejb.container] [tid: _ThreadID=31 _ThreadName=RunLevelControllerThread-1573312480992] [timeMillis: 1573312488803] [levelValue: 800] [[
  Portable JNDI names for EJB AvionDAO: [java:global/Project-One/AvionDAO, java:global/Project-One/AvionDAO!services.dao.AvionDAOLocal]]]

[2019-11-09T16:14:48.847+0100] [Payara 5.193] [INFO] [AS-EJB-00054] [javax.enterprise.ejb.container] [tid: _ThreadID=31 _ThreadName=RunLevelControllerThread-1573312480992] [timeMillis: 1573312488847] [levelValue: 800] [[
  Portable JNDI names for EJB TrajetDAO: [java:global/Project-One/TrajetDAO!services.dao.TrajetDAOLocal, java:global/Project-One/TrajetDAO]]]

[2019-11-09T16:14:48.856+0100] [Payara 5.193] [INFO] [AS-EJB-00054] [javax.enterprise.ejb.container] [tid: _ThreadID=31 _ThreadName=RunLevelControllerThread-1573312480992] [timeMillis: 1573312488856] [levelValue: 800] [[
  Portable JNDI names for EJB VolDAO: [java:global/Project-One/VolDAO!services.dao.VolDAOLocal, java:global/Project-One/VolDAO]]]

[2019-11-09T16:14:48.866+0100] [Payara 5.193] [INFO] [AS-EJB-00054] [javax.enterprise.ejb.container] [tid: _ThreadID=31 _ThreadName=RunLevelControllerThread-1573312480992] [timeMillis: 1573312488866] [levelValue: 800] [[
  Portable JNDI names for EJB PiloteDAO: [java:global/Project-One/PiloteDAO, java:global/Project-One/PiloteDAO!services.dao.PiloteDAOLocal]]]

[2019-11-09T16:14:51.955+0100] [Payara 5.193] [INFO] [] [fish.payara.micro.cdi.extension.ClusteredCDIEventBusImpl] [tid: _ThreadID=31 _ThreadName=RunLevelControllerThread-1573312480992] [timeMillis: 1573312491955] [levelValue: 800] [[
  Clustered CDI Event bus initialized]]

[2019-11-09T16:14:51.968+0100] [Payara 5.193] [INFO] [NCLS-CORE-00022] [javax.enterprise.system.core] [tid: _ThreadID=31 _ThreadName=RunLevelControllerThread-1573312480992] [timeMillis: 1573312491968] [levelValue: 800] [[
  Loading application Project-One done in 10,066 ms]]

[2019-11-09T16:14:52.076+0100] [Payara 5.193] [INFO] [] [org.glassfish.soteria.servlet.SamRegistrationInstaller] [tid: _ThreadID=31 _ThreadName=RunLevelControllerThread-1573312480992] [timeMillis: 1573312492076] [levelValue: 800] [[
  Initializing Soteria 1.1-b01 for context '/Project-One']]

[2019-11-09T16:14:52.353+0100] [Payara 5.193] [INFO] [jsf.config.listener.version] [javax.enterprise.resource.webcontainer.jsf.config] [tid: _ThreadID=31 _ThreadName=RunLevelControllerThread-1573312480992] [timeMillis: 1573312492353] [levelValue: 800] [[
  Initializing Mojarra 2.3.9.payara-p3 for context '/Project-One']]

[2019-11-09T16:14:53.859+0100] [Payara 5.193] [INFO] [AS-WEB-GLUE-00172] [javax.enterprise.web] [tid: _ThreadID=31 _ThreadName=RunLevelControllerThread-1573312480992] [timeMillis: 1573312493859] [levelValue: 800] [[
  Loading application [Project-One] at [/Project-One]]]

[2019-11-09T16:14:53.973+0100] [Payara 5.193] [INFO] [] [fish.payara.nucleus.cluster.PayaraCluster] [tid: _ThreadID=140 _ThreadName=Executor-Service-10] [timeMillis: 1573312493973] [levelValue: 800] [[
  Data Grid Status 
Payara Data Grid State: DG Version: 35 DG Name: development DG Size: 1
Instances: {
 DataGrid: development Instance Group: MicroShoal Name: server Lite: false This: true UUID: 12cd53a2-e719-482f-9e99-443d65fbc588 Address: /fe80:0:0:0:1c05:a1ff:fe6e:9278%vetha00ec8e:4900
}]]

[2019-11-09T16:14:53.977+0100] [Payara 5.193] [INFO] [NCLS-CORE-00017] [javax.enterprise.system.core] [tid: _ThreadID=1 _ThreadName=main] [timeMillis: 1573312493977] [levelValue: 800] [[
  Payara Server  5.193.1 #badassfish (275) startup time : Felix (2,329ms), startup services(12,999ms), total(15,328ms)]]

[2019-11-09T16:14:53.987+0100] [Payara 5.193] [INFO] [] [fish.payara.nucleus.notification.NotificationService] [tid: _ThreadID=1 _ThreadName=main] [timeMillis: 1573312493987] [levelValue: 800] [[
  Payara Notification Service bootstrapped with configuration: NotificationExecutionOptions{enabled=true, notifierConfigurationExecutionOptionsList={LOG=LogNotifierConfigurationExecutionOptions{useSeparateLogFile=false} NotifierConfigurationExecutionOptions{notifierType=LOG, enabled=true, noisy=true}}}]]

[2019-11-09T16:14:54.413+0100] [Payara 5.193] [INFO] [NCLS-CORE-00101] [javax.enterprise.system.core] [tid: _ThreadID=28 _ThreadName=RunLevelControllerThread-1573312480983] [timeMillis: 1573312494413] [levelValue: 800] [[
  Network Listener JMS_PROXY_default_JMS_host started in: 19ms - bound to [/0.0.0.0:7676]]]

[2019-11-09T16:14:54.697+0100] [Payara 5.193] [INFO] [NCLS-JMX-00005] [javax.enterprise.system.jmx] [tid: _ThreadID=142 _ThreadName=Thread-11] [timeMillis: 1573312494697] [levelValue: 800] [[
  JMXStartupService has started JMXConnector on JMXService URL service:jmx:rmi://0.0.0.0:8686/jndi/rmi://0.0.0.0:8686/jmxrmi]]

[2019-11-09T16:14:54.753+0100] [Payara 5.193] [INFO] [] [org.jvnet.hk2.osgiadapter] [tid: _ThreadID=23 _ThreadName=FelixStartLevel] [timeMillis: 1573312494753] [levelValue: 800] [[
  Skipping registration of inhabitant for service reference [org.osgi.service.metatype.MetaTypeProvider] as the service object could not be obtained.]]

[2019-11-09T16:14:57.041+0100] [Payara 5.193] [INFO] [AS-EJB-00054] [javax.enterprise.ejb.container] [tid: _ThreadID=53 _ThreadName=admin-thread-pool::admin-listener(1)] [timeMillis: 1573312497041] [levelValue: 800] [[
  Portable JNDI names for EJB VolDAO: [java:global/Project-One/VolDAO!services.dao.VolDAOLocal, java:global/Project-One/VolDAO]]]

[2019-11-09T16:14:57.051+0100] [Payara 5.193] [INFO] [AS-EJB-00054] [javax.enterprise.ejb.container] [tid: _ThreadID=53 _ThreadName=admin-thread-pool::admin-listener(1)] [timeMillis: 1573312497051] [levelValue: 800] [[
  Portable JNDI names for EJB AvionDAO: [java:global/Project-One/AvionDAO, java:global/Project-One/AvionDAO!services.dao.AvionDAOLocal]]]

[2019-11-09T16:14:57.061+0100] [Payara 5.193] [INFO] [AS-EJB-00054] [javax.enterprise.ejb.container] [tid: _ThreadID=53 _ThreadName=admin-thread-pool::admin-listener(1)] [timeMillis: 1573312497061] [levelValue: 800] [[
  Portable JNDI names for EJB TrajetDAO: [java:global/Project-One/TrajetDAO!services.dao.TrajetDAOLocal, java:global/Project-One/TrajetDAO]]]

[2019-11-09T16:14:57.071+0100] [Payara 5.193] [INFO] [AS-EJB-00054] [javax.enterprise.ejb.container] [tid: _ThreadID=53 _ThreadName=admin-thread-pool::admin-listener(1)] [timeMillis: 1573312497071] [levelValue: 800] [[
  Portable JNDI names for EJB PiloteDAO: [java:global/Project-One/PiloteDAO, java:global/Project-One/PiloteDAO!services.dao.PiloteDAOLocal]]]

[2019-11-09T16:14:57.566+0100] [Payara 5.193] [INFO] [] [fish.payara.micro.cdi.extension.ClusteredCDIEventBusImpl] [tid: _ThreadID=53 _ThreadName=admin-thread-pool::admin-listener(1)] [timeMillis: 1573312497566] [levelValue: 800] [[
  Clustered CDI Event bus initialized]]

[2019-11-09T16:14:57.618+0100] [Payara 5.193] [INFO] [] [org.glassfish.soteria.servlet.SamRegistrationInstaller] [tid: _ThreadID=53 _ThreadName=admin-thread-pool::admin-listener(1)] [timeMillis: 1573312497618] [levelValue: 800] [[
  Initializing Soteria 1.1-b01 for context '/Project-One']]

[2019-11-09T16:14:57.649+0100] [Payara 5.193] [INFO] [jsf.config.listener.version] [javax.enterprise.resource.webcontainer.jsf.config] [tid: _ThreadID=53 _ThreadName=admin-thread-pool::admin-listener(1)] [timeMillis: 1573312497649] [levelValue: 800] [[
  Initializing Mojarra 2.3.9.payara-p3 for context '/Project-One']]

[2019-11-09T16:14:57.850+0100] [Payara 5.193] [INFO] [AS-WEB-GLUE-00172] [javax.enterprise.web] [tid: _ThreadID=53 _ThreadName=admin-thread-pool::admin-listener(1)] [timeMillis: 1573312497850] [levelValue: 800] [[
  Loading application [Project-One] at [/Project-One]]]

[2019-11-09T16:14:58.044+0100] [Payara 5.193] [INFO] [] [javax.enterprise.system.core] [tid: _ThreadID=53 _ThreadName=admin-thread-pool::admin-listener(1)] [timeMillis: 1573312498044] [levelValue: 800] [[
  Project-One was successfully deployed in 3,008 milliseconds.]]

[2019-11-09T16:37:30.090+0100] [Payara 5.193] [INFO] [AS-EJB-00054] [javax.enterprise.ejb.container] [tid: _ThreadID=53 _ThreadName=admin-thread-pool::admin-listener(1)] [timeMillis: 1573313850090] [levelValue: 800] [[
  Portable JNDI names for EJB PiloteDAO: [java:global/Project-One/PiloteDAO, java:global/Project-One/PiloteDAO!services.dao.PiloteDAOLocal]]]

[2019-11-09T16:37:30.108+0100] [Payara 5.193] [INFO] [AS-EJB-00054] [javax.enterprise.ejb.container] [tid: _ThreadID=53 _ThreadName=admin-thread-pool::admin-listener(1)] [timeMillis: 1573313850108] [levelValue: 800] [[
  Portable JNDI names for EJB AvionDAO: [java:global/Project-One/AvionDAO, java:global/Project-One/AvionDAO!services.dao.AvionDAOLocal]]]

[2019-11-09T16:37:30.119+0100] [Payara 5.193] [INFO] [AS-EJB-00054] [javax.enterprise.ejb.container] [tid: _ThreadID=53 _ThreadName=admin-thread-pool::admin-listener(1)] [timeMillis: 1573313850119] [levelValue: 800] [[
  Portable JNDI names for EJB VolDAO: [java:global/Project-One/VolDAO!services.dao.VolDAOLocal, java:global/Project-One/VolDAO]]]

[2019-11-09T16:37:30.127+0100] [Payara 5.193] [INFO] [AS-EJB-00054] [javax.enterprise.ejb.container] [tid: _ThreadID=53 _ThreadName=admin-thread-pool::admin-listener(1)] [timeMillis: 1573313850127] [levelValue: 800] [[
  Portable JNDI names for EJB TrajetDAO: [java:global/Project-One/TrajetDAO!services.dao.TrajetDAOLocal, java:global/Project-One/TrajetDAO]]]

[2019-11-09T16:37:30.664+0100] [Payara 5.193] [INFO] [] [fish.payara.micro.cdi.extension.ClusteredCDIEventBusImpl] [tid: _ThreadID=53 _ThreadName=admin-thread-pool::admin-listener(1)] [timeMillis: 1573313850664] [levelValue: 800] [[
  Clustered CDI Event bus initialized]]

[2019-11-09T16:37:30.705+0100] [Payara 5.193] [INFO] [] [org.glassfish.soteria.servlet.SamRegistrationInstaller] [tid: _ThreadID=53 _ThreadName=admin-thread-pool::admin-listener(1)] [timeMillis: 1573313850705] [levelValue: 800] [[
  Initializing Soteria 1.1-b01 for context '/Project-One']]

[2019-11-09T16:37:30.725+0100] [Payara 5.193] [INFO] [jsf.config.listener.version] [javax.enterprise.resource.webcontainer.jsf.config] [tid: _ThreadID=53 _ThreadName=admin-thread-pool::admin-listener(1)] [timeMillis: 1573313850725] [levelValue: 800] [[
  Initializing Mojarra 2.3.9.payara-p3 for context '/Project-One']]

[2019-11-09T16:37:30.973+0100] [Payara 5.193] [INFO] [AS-WEB-GLUE-00172] [javax.enterprise.web] [tid: _ThreadID=53 _ThreadName=admin-thread-pool::admin-listener(1)] [timeMillis: 1573313850973] [levelValue: 800] [[
  Loading application [Project-One] at [/Project-One]]]

[2019-11-09T16:37:31.100+0100] [Payara 5.193] [INFO] [] [javax.enterprise.system.core] [tid: _ThreadID=53 _ThreadName=admin-thread-pool::admin-listener(1)] [timeMillis: 1573313851100] [levelValue: 800] [[
  Project-One was successfully deployed in 2,175 milliseconds.]]

[2019-11-09T16:40:50.023+0100] [Payara 5.193] [WARNING] [] [com.hazelcast.spi.impl.operationservice.impl.InvocationMonitor] [tid: _ThreadID=95 _ThreadName=hz._hzInstance_1_development.InvocationMonitorThread] [timeMillis: 1573314050023] [levelValue: 900] [[
  [fe80:0:0:0:1c05:a1ff:fe6e:9278]:4900 [development] [3.12] MonitorInvocationsTask delayed 153673 ms]]

[2019-11-09T16:40:50.033+0100] [Payara 5.193] [WARNING] [] [com.hazelcast.spi.impl.operationservice.impl.InvocationMonitor] [tid: _ThreadID=95 _ThreadName=hz._hzInstance_1_development.InvocationMonitorThread] [timeMillis: 1573314050033] [levelValue: 900] [[
  [fe80:0:0:0:1c05:a1ff:fe6e:9278]:4900 [development] [3.12] BroadcastOperationControlTask delayed 153427 ms]]

[2019-11-09T16:40:50.058+0100] [Payara 5.193] [WARNING] [] [com.hazelcast.internal.cluster.impl.ClusterHeartbeatManager] [tid: _ThreadID=111 _ThreadName=hz._hzInstance_1_development.cached.thread-6] [timeMillis: 1573314050058] [levelValue: 900] [[
  [fe80:0:0:0:1c05:a1ff:fe6e:9278]:4900 [development] [3.12] Resetting heartbeat timestamps because of huge system clock jump! Clock-Jump: 153666 ms, Heartbeat-Timeout: 60000 ms]]

[2019-11-09T16:51:01.229+0100] [Payara 5.193] [INFO] [AS-EJB-00054] [javax.enterprise.ejb.container] [tid: _ThreadID=53 _ThreadName=admin-thread-pool::admin-listener(1)] [timeMillis: 1573314661229] [levelValue: 800] [[
  Portable JNDI names for EJB TrajetDAO: [java:global/Project-One/TrajetDAO!services.dao.TrajetDAOLocal, java:global/Project-One/TrajetDAO]]]

[2019-11-09T16:51:01.240+0100] [Payara 5.193] [INFO] [AS-EJB-00054] [javax.enterprise.ejb.container] [tid: _ThreadID=53 _ThreadName=admin-thread-pool::admin-listener(1)] [timeMillis: 1573314661240] [levelValue: 800] [[
  Portable JNDI names for EJB VolDAO: [java:global/Project-One/VolDAO!services.dao.VolDAOLocal, java:global/Project-One/VolDAO]]]

[2019-11-09T16:51:01.250+0100] [Payara 5.193] [INFO] [AS-EJB-00054] [javax.enterprise.ejb.container] [tid: _ThreadID=53 _ThreadName=admin-thread-pool::admin-listener(1)] [timeMillis: 1573314661250] [levelValue: 800] [[
  Portable JNDI names for EJB AvionDAO: [java:global/Project-One/AvionDAO, java:global/Project-One/AvionDAO!services.dao.AvionDAOLocal]]]

[2019-11-09T16:51:01.258+0100] [Payara 5.193] [INFO] [AS-EJB-00054] [javax.enterprise.ejb.container] [tid: _ThreadID=53 _ThreadName=admin-thread-pool::admin-listener(1)] [timeMillis: 1573314661258] [levelValue: 800] [[
  Portable JNDI names for EJB PiloteDAO: [java:global/Project-One/PiloteDAO, java:global/Project-One/PiloteDAO!services.dao.PiloteDAOLocal]]]

[2019-11-09T16:51:01.770+0100] [Payara 5.193] [INFO] [] [fish.payara.micro.cdi.extension.ClusteredCDIEventBusImpl] [tid: _ThreadID=53 _ThreadName=admin-thread-pool::admin-listener(1)] [timeMillis: 1573314661770] [levelValue: 800] [[
  Clustered CDI Event bus initialized]]

[2019-11-09T16:51:01.811+0100] [Payara 5.193] [INFO] [] [org.glassfish.soteria.servlet.SamRegistrationInstaller] [tid: _ThreadID=53 _ThreadName=admin-thread-pool::admin-listener(1)] [timeMillis: 1573314661811] [levelValue: 800] [[
  Initializing Soteria 1.1-b01 for context '/Project-One']]

[2019-11-09T16:51:01.840+0100] [Payara 5.193] [INFO] [jsf.config.listener.version] [javax.enterprise.resource.webcontainer.jsf.config] [tid: _ThreadID=53 _ThreadName=admin-thread-pool::admin-listener(1)] [timeMillis: 1573314661840] [levelValue: 800] [[
  Initializing Mojarra 2.3.9.payara-p3 for context '/Project-One']]

[2019-11-09T16:51:02.259+0100] [Payara 5.193] [INFO] [AS-WEB-GLUE-00172] [javax.enterprise.web] [tid: _ThreadID=53 _ThreadName=admin-thread-pool::admin-listener(1)] [timeMillis: 1573314662259] [levelValue: 800] [[
  Loading application [Project-One] at [/Project-One]]]

[2019-11-09T16:51:02.465+0100] [Payara 5.193] [INFO] [] [javax.enterprise.system.core] [tid: _ThreadID=53 _ThreadName=admin-thread-pool::admin-listener(1)] [timeMillis: 1573314662465] [levelValue: 800] [[
  Project-One was successfully deployed in 4,236 milliseconds.]]

[2019-11-09T16:53:17.767+0100] [Payara 5.193] [SEVERE] [] [org.glassfish.grizzly.nio.SelectorRunner] [tid: _ThreadID=44 _ThreadName=http-listener-1-kernel(1) SelectorRunner] [timeMillis: 1573314797767] [levelValue: 1000] [[
  doSelect exception
java.lang.OutOfMemoryError: GC overhead limit exceeded
	at org.glassfish.grizzly.nio.DefaultSelectorHandler.registerChannel0(DefaultSelectorHandler.java:306)
	at org.glassfish.grizzly.nio.DefaultSelectorHandler.registerChannelAsync(DefaultSelectorHandler.java:167)
	at org.glassfish.grizzly.nio.RoundRobinConnectionDistributor.registerChannelAsync(RoundRobinConnectionDistributor.java:77)
	at org.glassfish.grizzly.nio.transport.TCPNIOServerConnection.registerAcceptedChannel(TCPNIOServerConnection.java:189)
	at org.glassfish.grizzly.nio.transport.TCPNIOServerConnection.onAccept(TCPNIOServerConnection.java:226)
	at org.glassfish.grizzly.nio.transport.TCPNIOTransport.fireIOEvent(TCPNIOTransport.java:494)
	at org.glassfish.grizzly.strategies.AbstractIOStrategy.fireIOEvent(AbstractIOStrategy.java:89)
	at org.glassfish.grizzly.strategies.WorkerThreadIOStrategy.run0(WorkerThreadIOStrategy.java:94)
	at org.glassfish.grizzly.strategies.WorkerThreadIOStrategy.executeIoEvent(WorkerThreadIOStrategy.java:80)
	at org.glassfish.grizzly.strategies.AbstractIOStrategy.executeIoEvent(AbstractIOStrategy.java:66)
	at org.glassfish.grizzly.nio.SelectorRunner.iterateKeyEvents(SelectorRunner.java:391)
	at org.glassfish.grizzly.nio.SelectorRunner.iterateKeys(SelectorRunner.java:360)
	at org.glassfish.grizzly.nio.SelectorRunner.doSelect(SelectorRunner.java:324)
	at org.glassfish.grizzly.nio.SelectorRunner.run(SelectorRunner.java:255)
	at org.glassfish.grizzly.threadpool.AbstractThreadPool$Worker.doWork(AbstractThreadPool.java:569)
	at org.glassfish.grizzly.threadpool.AbstractThreadPool$Worker.run(AbstractThreadPool.java:549)
	at java.lang.Thread.run(Thread.java:748)
]]

[2019-11-09T16:53:17.768+0100] [Payara 5.193] [SEVERE] [] [org.glassfish.grizzly.nio.SelectorRunner] [tid: _ThreadID=44 _ThreadName=http-listener-1-kernel(1) SelectorRunner] [timeMillis: 1573314797768] [levelValue: 1000] [[
  doSelect exception
java.lang.NullPointerException
	at org.glassfish.grizzly.nio.DefaultSelectorHandler.deregisterKeyInterest(DefaultSelectorHandler.java:135)
	at org.glassfish.grizzly.nio.NIOConnection.disableIOEvent(NIOConnection.java:969)
	at org.glassfish.grizzly.strategies.WorkerThreadIOStrategy.executeIoEvent(WorkerThreadIOStrategy.java:67)
	at org.glassfish.grizzly.strategies.AbstractIOStrategy.executeIoEvent(AbstractIOStrategy.java:66)
	at org.glassfish.grizzly.nio.SelectorRunner.iterateKeyEvents(SelectorRunner.java:391)
	at org.glassfish.grizzly.nio.SelectorRunner.iterateKeys(SelectorRunner.java:360)
	at org.glassfish.grizzly.nio.SelectorRunner.doSelect(SelectorRunner.java:324)
	at org.glassfish.grizzly.nio.SelectorRunner.run(SelectorRunner.java:255)
	at org.glassfish.grizzly.threadpool.AbstractThreadPool$Worker.doWork(AbstractThreadPool.java:569)
	at org.glassfish.grizzly.threadpool.AbstractThreadPool$Worker.run(AbstractThreadPool.java:549)
	at java.lang.Thread.run(Thread.java:748)
]]

[2019-11-09T16:53:20.823+0100] [Payara 5.193] [WARNING] [] [org.glassfish.grizzly.ProcessorExecutor] [tid: _ThreadID=37 _ThreadName=http-thread-pool::http-listener-1(2)] [timeMillis: 1573314800823] [levelValue: 900] [[
  GRIZZLY0029: Error during Processor execution. Connection=TCPNIOConnection{localSocketAddress={0.0.0.0/0.0.0.0:8080}, peerSocketAddress={/127.0.0.1:40642}} ioEvent=READ processor=DefaultFilterChain@79a2a099 {TransportFilter@63f92ba7 <-> IdleTimeoutFilter@6c1c16ab <-> GlassfishHttpCodecFilter@1e973135 <-> Http2ServerFilter@72ddec16 <-> FileCacheFilter@585355f9 <-> GlassfishWebSocketFilter@54f6b916 <-> HttpServerFilter@73cf3424}
java.lang.OutOfMemoryError: GC overhead limit exceeded
	at java.text.MessageFormat.applyPattern(MessageFormat.java:426)
	at java.text.MessageFormat.<init>(MessageFormat.java:362)
	at java.text.MessageFormat.format(MessageFormat.java:840)
	at org.glassfish.grizzly.localization.Localizer.localize(Localizer.java:114)
	at org.glassfish.grizzly.localization.LogMessages.WARNING_GRIZZLY_FILTERCHAIN_EXCEPTION(LogMessages.java:591)
	at org.glassfish.grizzly.filterchain.DefaultFilterChain.execute(DefaultFilterChain.java:134)
	at org.glassfish.grizzly.filterchain.DefaultFilterChain.process(DefaultFilterChain.java:88)
	at org.glassfish.grizzly.ProcessorExecutor.execute(ProcessorExecutor.java:53)
	at org.glassfish.grizzly.nio.transport.TCPNIOTransport.fireIOEvent(TCPNIOTransport.java:524)
	at org.glassfish.grizzly.strategies.AbstractIOStrategy.fireIOEvent(AbstractIOStrategy.java:89)
	at org.glassfish.grizzly.strategies.WorkerThreadIOStrategy.run0(WorkerThreadIOStrategy.java:94)
	at org.glassfish.grizzly.strategies.WorkerThreadIOStrategy.access$100(WorkerThreadIOStrategy.java:33)
	at org.glassfish.grizzly.strategies.WorkerThreadIOStrategy$WorkerThreadRunnable.run(WorkerThreadIOStrategy.java:114)
	at org.glassfish.grizzly.threadpool.AbstractThreadPool$Worker.doWork(AbstractThreadPool.java:569)
	at org.glassfish.grizzly.threadpool.AbstractThreadPool$Worker.run(AbstractThreadPool.java:549)
	at java.lang.Thread.run(Thread.java:748)
]]

[2019-11-09T17:32:17.253+0100] [] [INFO] [NCLS-GFLAUNCHER-00005] [javax.enterprise.launcher] [tid: _ThreadID=1 _ThreadName=main] [timeMillis: 1573317137253] [levelValue: 800] [[
  JVM invocation command line:
/usr/lib/jvm/java-8-openjdk/bin/java
-cp
/home/david/HEIG-VD/AMT/Teaching-HEIGVD-AMT-2019-Project-One/images/payara5/glassfish/modules/glassfish.jar
-agentlib:jdwp=transport=dt_socket,address=9009,server=n,suspend=y
-XX:+UnlockDiagnosticVMOptions
-XX:NewRatio=2
-Xbootclasspath/p:/home/david/HEIG-VD/AMT/Teaching-HEIGVD-AMT-2019-Project-One/images/payara5/glassfish/lib/grizzly-npn-bootstrap-1.8.1.jar
-Xmx512m
-client
-javaagent:/home/david/HEIG-VD/AMT/Teaching-HEIGVD-AMT-2019-Project-One/images/payara5/glassfish/lib/monitor/flashlight-agent.jar
-Djavax.xml.accessExternalSchema=all
-Djavax.net.ssl.trustStore=/home/david/HEIG-VD/AMT/Teaching-HEIGVD-AMT-2019-Project-One/images/payara5/glassfish/domains/domain1/config/cacerts.jks
-Djdk.tls.rejectClientInitiatedRenegotiation=true
-Djdk.corba.allowOutputStreamSubclass=true
-Dfelix.fileinstall.dir=/home/david/HEIG-VD/AMT/Teaching-HEIGVD-AMT-2019-Project-One/images/payara5/glassfish/modules/autostart/
-Dorg.glassfish.additionalOSGiBundlesToStart=org.apache.felix.shell,org.apache.felix.gogo.runtime,org.apache.felix.gogo.shell,org.apache.felix.gogo.command,org.apache.felix.shell.remote,org.apache.felix.fileinstall
-Dcom.sun.aas.installRoot=/home/david/HEIG-VD/AMT/Teaching-HEIGVD-AMT-2019-Project-One/images/payara5/glassfish
-Dfelix.fileinstall.poll=5000
-Djava.security.policy=/home/david/HEIG-VD/AMT/Teaching-HEIGVD-AMT-2019-Project-One/images/payara5/glassfish/domains/domain1/config/server.policy
-Djava.endorsed.dirs=/home/david/HEIG-VD/AMT/Teaching-HEIGVD-AMT-2019-Project-One/images/payara5/glassfish/modules/endorsed:/home/david/HEIG-VD/AMT/Teaching-HEIGVD-AMT-2019-Project-One/images/payara5/glassfish/lib/endorsed
-Dosgi.shell.telnet.maxconn=1
-Dfelix.fileinstall.bundles.startTransient=true
-Dcom.sun.enterprise.config.config_environment_factory_class=com.sun.enterprise.config.serverbeans.AppserverConfigEnvironmentFactory
-Dfelix.fileinstall.log.level=2
-Djavax.net.ssl.keyStore=/home/david/HEIG-VD/AMT/Teaching-HEIGVD-AMT-2019-Project-One/images/payara5/glassfish/domains/domain1/config/keystore.jks
-Djava.security.auth.login.config=/home/david/HEIG-VD/AMT/Teaching-HEIGVD-AMT-2019-Project-One/images/payara5/glassfish/domains/domain1/config/login.conf
-Dfelix.fileinstall.disableConfigSave=false
-Dorg.glassfish.grizzly.DEFAULT_MEMORY_MANAGER=org.glassfish.grizzly.memory.HeapMemoryManager
-Dfelix.fileinstall.bundles.new.start=true
-Dcom.sun.aas.instanceRoot=/home/david/HEIG-VD/AMT/Teaching-HEIGVD-AMT-2019-Project-One/images/payara5/glassfish/domains/domain1
-Dosgi.shell.telnet.port=6666
-Dgosh.args=--nointeractive
-Dcom.sun.enterprise.security.httpsOutboundKeyAlias=s1as
-Dorg.jboss.weld.serialization.beanIdentifierIndexOptimization=false
-Dosgi.shell.telnet.ip=127.0.0.1
-DANTLR_USE_DIRECT_CLASS_LOADING=true
-Djava.awt.headless=true
-Dcom.ctc.wstx.returnNullForDefaultNamespace=true
-Djava.ext.dirs=/usr/lib/jvm/java-8-openjdk/lib/ext:/usr/lib/jvm/java-8-openjdk/jre/lib/ext:/home/david/HEIG-VD/AMT/Teaching-HEIGVD-AMT-2019-Project-One/images/payara5/glassfish/domains/domain1/lib/ext
-Djdbc.drivers=org.apache.derby.jdbc.ClientDriver
-Dorg.glassfish.grizzly.nio.DefaultSelectorHandler.force-selector-spin-detection=true
-Djava.library.path=/home/david/HEIG-VD/AMT/Teaching-HEIGVD-AMT-2019-Project-One/images/payara5/glassfish/lib:/usr/java/packages/lib/amd64:/usr/lib64:/lib64:/lib:/usr/lib
com.sun.enterprise.glassfish.bootstrap.ASMain
-upgrade
false
-domaindir
/home/david/HEIG-VD/AMT/Teaching-HEIGVD-AMT-2019-Project-One/images/payara5/glassfish/domains/domain1
-read-stdin
true
-asadmin-args
--host,,,localhost,,,--port,,,4848,,,--secure=false,,,--terse=false,,,--extraterse=false,,,--echo=false,,,--interactive=false,,,--autoname=false,,,start-domain,,,--verbose=false,,,--watchdog=false,,,--debug=true,,,--domaindir,,,/home/david/HEIG-VD/AMT/Teaching-HEIGVD-AMT-2019-Project-One/images/payara5/glassfish/domains,,,domain1
-domainname
domain1
-instancename
server
-type
DAS
-verbose
false
-asadmin-classpath
/home/david/HEIG-VD/AMT/Teaching-HEIGVD-AMT-2019-Project-One/images/payara5/glassfish/lib/client/appserver-cli.jar
-debug
true
-asadmin-classname
com.sun.enterprise.admin.cli.AdminMain
-watchdog
false]]

[2019-11-09T17:32:22.500+0100] [Payara 5.193] [INFO] [NCLS-LOGGING-00009] [javax.enterprise.logging] [tid: _ThreadID=29 _ThreadName=RunLevelControllerThread-1573317142075] [timeMillis: 1573317142500] [levelValue: 800] [[
  Running Payara Version: Payara Server  5.193.1 #badassfish (build 275)]]

[2019-11-09T17:32:22.551+0100] [Payara 5.193] [INFO] [NCLS-LOGGING-00010] [javax.enterprise.logging] [tid: _ThreadID=29 _ThreadName=RunLevelControllerThread-1573317142075] [timeMillis: 1573317142551] [levelValue: 800] [[
  Server log file is using Formatter class: com.sun.enterprise.server.logging.ODLLogFormatter]]

[2019-11-09T17:32:23.994+0100] [Payara 5.193] [INFO] [] [org.glassfish.ha.store.spi.BackingStoreFactoryRegistry] [tid: _ThreadID=31 _ThreadName=RunLevelControllerThread-1573317142100] [timeMillis: 1573317143994] [levelValue: 800] [[
  Registered fish.payara.ha.hazelcast.store.HazelcastBackingStoreFactoryProxy for persistence-type = hazelcast in BackingStoreFactoryRegistry]]

[2019-11-09T17:32:24.488+0100] [Payara 5.193] [INFO] [NCLS-CORE-00101] [javax.enterprise.system.core] [tid: _ThreadID=30 _ThreadName=RunLevelControllerThread-1573317142098] [timeMillis: 1573317144488] [levelValue: 800] [[
  Network Listener http-listener-1 started in: 41ms - bound to [/0.0.0.0:8080]]]

[2019-11-09T17:32:24.637+0100] [Payara 5.193] [INFO] [NCLS-CORE-00101] [javax.enterprise.system.core] [tid: _ThreadID=30 _ThreadName=RunLevelControllerThread-1573317142098] [timeMillis: 1573317144637] [levelValue: 800] [[
  Network Listener http-listener-2 started in: 50ms - bound to [/0.0.0.0:8181]]]

[2019-11-09T17:32:24.744+0100] [Payara 5.193] [INFO] [NCLS-CORE-00101] [javax.enterprise.system.core] [tid: _ThreadID=30 _ThreadName=RunLevelControllerThread-1573317142098] [timeMillis: 1573317144744] [levelValue: 800] [[
  Network Listener admin-listener started in: 66ms - bound to [/0.0.0.0:4848]]]

[2019-11-09T17:32:24.770+0100] [Payara 5.193] [INFO] [NCLS-CORE-00087] [javax.enterprise.system.core] [tid: _ThreadID=30 _ThreadName=RunLevelControllerThread-1573317142098] [timeMillis: 1573317144770] [levelValue: 800] [[
  Grizzly 2.4.3 started in: 1,542ms - bound to [http-listener-1:8080, http-listener-2:8181, admin-listener:4848]]]

[2019-11-09T17:32:25.615+0100] [Payara 5.193] [INFO] [] [org.hibernate.validator.internal.util.Version] [tid: _ThreadID=31 _ThreadName=RunLevelControllerThread-1573317142100] [timeMillis: 1573317145615] [levelValue: 800] [[
  HV000001: Hibernate Validator 6.0.16.Final]]

[2019-11-09T17:32:25.706+0100] [Payara 5.193] [INFO] [NCLS-CORE-00101] [javax.enterprise.system.core] [tid: _ThreadID=30 _ThreadName=RunLevelControllerThread-1573317142098] [timeMillis: 1573317145706] [levelValue: 800] [[
  Network Listener iiop-service started in: 30ms - bound to [/0.0.0.0:3700]]]

[2019-11-09T17:32:26.460+0100] [Payara 5.193] [INFO] [] [javax.enterprise.resource.corba.org.glassfish.enterprise.iiop.api] [tid: _ThreadID=29 _ThreadName=RunLevelControllerThread-1573317142075] [timeMillis: 1573317146460] [levelValue: 800] [[
  GlassFishORBFactory service initialized.]]

[2019-11-09T17:32:27.255+0100] [Payara 5.193] [INFO] [NCLS-SECURITY-01002] [javax.enterprise.system.core.security] [tid: _ThreadID=29 _ThreadName=RunLevelControllerThread-1573317142075] [timeMillis: 1573317147255] [levelValue: 800] [[
  Java security manager is disabled.]]

[2019-11-09T17:32:27.257+0100] [Payara 5.193] [INFO] [NCLS-SECURITY-01010] [javax.enterprise.system.core.security] [tid: _ThreadID=29 _ThreadName=RunLevelControllerThread-1573317142075] [timeMillis: 1573317147257] [levelValue: 800] [[
  Entering Security Startup Service.]]

[2019-11-09T17:32:27.266+0100] [Payara 5.193] [INFO] [NCLS-SECURITY-01143] [javax.enterprise.system.core.security] [tid: _ThreadID=29 _ThreadName=RunLevelControllerThread-1573317142075] [timeMillis: 1573317147266] [levelValue: 800] [[
  Loading policy provider com.sun.enterprise.security.provider.PolicyWrapper.]]

[2019-11-09T17:32:27.365+0100] [Payara 5.193] [INFO] [NCLS-SECURITY-01011] [javax.enterprise.system.core.security] [tid: _ThreadID=29 _ThreadName=RunLevelControllerThread-1573317142075] [timeMillis: 1573317147365] [levelValue: 800] [[
  Security Service(s) started successfully.]]

[2019-11-09T17:32:27.983+0100] [Payara 5.193] [INFO] [AS-WEB-GLUE-00198] [javax.enterprise.web] [tid: _ThreadID=29 _ThreadName=RunLevelControllerThread-1573317142075] [timeMillis: 1573317147983] [levelValue: 800] [[
  Created HTTP listener http-listener-1 on host/port 0.0.0.0:8080]]

[2019-11-09T17:32:27.999+0100] [Payara 5.193] [INFO] [AS-WEB-GLUE-00198] [javax.enterprise.web] [tid: _ThreadID=29 _ThreadName=RunLevelControllerThread-1573317142075] [timeMillis: 1573317147999] [levelValue: 800] [[
  Created HTTP listener http-listener-2 on host/port 0.0.0.0:8181]]

[2019-11-09T17:32:28.001+0100] [Payara 5.193] [INFO] [AS-WEB-GLUE-00198] [javax.enterprise.web] [tid: _ThreadID=29 _ThreadName=RunLevelControllerThread-1573317142075] [timeMillis: 1573317148001] [levelValue: 800] [[
  Created HTTP listener admin-listener on host/port 0.0.0.0:4848]]

[2019-11-09T17:32:28.047+0100] [Payara 5.193] [INFO] [AS-WEB-GLUE-00200] [javax.enterprise.web] [tid: _ThreadID=29 _ThreadName=RunLevelControllerThread-1573317142075] [timeMillis: 1573317148047] [levelValue: 800] [[
  Created virtual server server]]

[2019-11-09T17:32:28.052+0100] [Payara 5.193] [INFO] [AS-WEB-GLUE-00200] [javax.enterprise.web] [tid: _ThreadID=29 _ThreadName=RunLevelControllerThread-1573317142075] [timeMillis: 1573317148052] [levelValue: 800] [[
  Created virtual server __asadmin]]

[2019-11-09T17:32:28.510+0100] [Payara 5.193] [INFO] [AS-WEB-GLUE-00201] [javax.enterprise.web] [tid: _ThreadID=29 _ThreadName=RunLevelControllerThread-1573317142075] [timeMillis: 1573317148510] [levelValue: 800] [[
  Virtual server server loaded default web module ]]

[2019-11-09T17:32:30.539+0100] [Payara 5.193] [INFO] [] [fish.payara.nucleus.hazelcast.HazelcastCore] [tid: _ThreadID=28 _ThreadName=RunLevelControllerThread-1573317142072] [timeMillis: 1573317150539] [levelValue: 800] [[
  Hazelcast Instance Bound to JNDI at payara/Hazelcast]]

[2019-11-09T17:32:30.539+0100] [Payara 5.193] [INFO] [] [fish.payara.nucleus.hazelcast.HazelcastCore] [tid: _ThreadID=28 _ThreadName=RunLevelControllerThread-1573317142072] [timeMillis: 1573317150539] [levelValue: 800] [[
  JSR107 Caching Provider Bound to JNDI at payara/CachingProvider]]

[2019-11-09T17:32:30.539+0100] [Payara 5.193] [INFO] [] [fish.payara.nucleus.hazelcast.HazelcastCore] [tid: _ThreadID=28 _ThreadName=RunLevelControllerThread-1573317142072] [timeMillis: 1573317150539] [levelValue: 800] [[
  JSR107 Default Cache Manager Bound to JNDI at payara/CacheManager]]

[2019-11-09T17:32:31.255+0100] [Payara 5.193] [INFO] [] [org.jboss.weld.Version] [tid: _ThreadID=29 _ThreadName=RunLevelControllerThread-1573317142075] [timeMillis: 1573317151255] [levelValue: 800] [[
  WELD-000900: 3.1.1 (Final)]]

[2019-11-09T17:32:31.439+0100] [Payara 5.193] [INFO] [AS-EJB-00054] [javax.enterprise.ejb.container] [tid: _ThreadID=29 _ThreadName=RunLevelControllerThread-1573317142075] [timeMillis: 1573317151439] [levelValue: 800] [[
  Portable JNDI names for EJB PiloteDAO: [java:global/Project-One/PiloteDAO, java:global/Project-One/PiloteDAO!services.dao.PiloteDAOLocal]]]

[2019-11-09T17:32:31.480+0100] [Payara 5.193] [INFO] [AS-EJB-00054] [javax.enterprise.ejb.container] [tid: _ThreadID=29 _ThreadName=RunLevelControllerThread-1573317142075] [timeMillis: 1573317151480] [levelValue: 800] [[
  Portable JNDI names for EJB VolDAO: [java:global/Project-One/VolDAO!services.dao.VolDAOLocal, java:global/Project-One/VolDAO]]]

[2019-11-09T17:32:31.487+0100] [Payara 5.193] [INFO] [AS-EJB-00054] [javax.enterprise.ejb.container] [tid: _ThreadID=29 _ThreadName=RunLevelControllerThread-1573317142075] [timeMillis: 1573317151487] [levelValue: 800] [[
  Portable JNDI names for EJB TrajetDAO: [java:global/Project-One/TrajetDAO!services.dao.TrajetDAOLocal, java:global/Project-One/TrajetDAO]]]

[2019-11-09T17:32:31.494+0100] [Payara 5.193] [INFO] [AS-EJB-00054] [javax.enterprise.ejb.container] [tid: _ThreadID=29 _ThreadName=RunLevelControllerThread-1573317142075] [timeMillis: 1573317151494] [levelValue: 800] [[
  Portable JNDI names for EJB AvionDAO: [java:global/Project-One/AvionDAO, java:global/Project-One/AvionDAO!services.dao.AvionDAOLocal]]]

[2019-11-09T17:32:33.310+0100] [Payara 5.193] [INFO] [] [fish.payara.micro.cdi.extension.ClusteredCDIEventBusImpl] [tid: _ThreadID=29 _ThreadName=RunLevelControllerThread-1573317142075] [timeMillis: 1573317153310] [levelValue: 800] [[
  Clustered CDI Event bus initialized]]

[2019-11-09T17:32:33.319+0100] [Payara 5.193] [INFO] [NCLS-CORE-00022] [javax.enterprise.system.core] [tid: _ThreadID=29 _ThreadName=RunLevelControllerThread-1573317142075] [timeMillis: 1573317153319] [levelValue: 800] [[
  Loading application Project-One done in 8,855 ms]]

[2019-11-09T17:32:33.381+0100] [Payara 5.193] [INFO] [] [org.glassfish.soteria.servlet.SamRegistrationInstaller] [tid: _ThreadID=29 _ThreadName=RunLevelControllerThread-1573317142075] [timeMillis: 1573317153381] [levelValue: 800] [[
  Initializing Soteria 1.1-b01 for context '/Project-One']]

[2019-11-09T17:32:33.479+0100] [Payara 5.193] [INFO] [jsf.config.listener.version] [javax.enterprise.resource.webcontainer.jsf.config] [tid: _ThreadID=29 _ThreadName=RunLevelControllerThread-1573317142075] [timeMillis: 1573317153479] [levelValue: 800] [[
  Initializing Mojarra 2.3.9.payara-p3 for context '/Project-One']]

[2019-11-09T17:32:34.278+0100] [Payara 5.193] [INFO] [AS-WEB-GLUE-00172] [javax.enterprise.web] [tid: _ThreadID=29 _ThreadName=RunLevelControllerThread-1573317142075] [timeMillis: 1573317154278] [levelValue: 800] [[
  Loading application [Project-One] at [/Project-One]]]

[2019-11-09T17:32:34.320+0100] [Payara 5.193] [INFO] [NCLS-CORE-00017] [javax.enterprise.system.core] [tid: _ThreadID=1 _ThreadName=main] [timeMillis: 1573317154320] [levelValue: 800] [[
  Payara Server  5.193.1 #badassfish (275) startup time : Felix (3,869ms), startup services(12,257ms), total(16,126ms)]]

[2019-11-09T17:32:34.319+0100] [Payara 5.193] [INFO] [] [fish.payara.nucleus.cluster.PayaraCluster] [tid: _ThreadID=136 _ThreadName=Executor-Service-6] [timeMillis: 1573317154319] [levelValue: 800] [[
  Data Grid Status 
Payara Data Grid State: DG Version: 35 DG Name: development DG Size: 1
Instances: {
 DataGrid: development Instance Group: MicroShoal Name: server Lite: false This: true UUID: 7dacae2d-c4d6-42e7-8303-af901e6277d0 Address: /192.168.1.110:4900
}]]

[2019-11-09T17:32:34.326+0100] [Payara 5.193] [INFO] [] [fish.payara.nucleus.notification.NotificationService] [tid: _ThreadID=1 _ThreadName=main] [timeMillis: 1573317154326] [levelValue: 800] [[
  Payara Notification Service bootstrapped with configuration: NotificationExecutionOptions{enabled=true, notifierConfigurationExecutionOptionsList={LOG=LogNotifierConfigurationExecutionOptions{useSeparateLogFile=false} NotifierConfigurationExecutionOptions{notifierType=LOG, enabled=true, noisy=true}}}]]

[2019-11-09T17:32:34.507+0100] [Payara 5.193] [INFO] [NCLS-CORE-00101] [javax.enterprise.system.core] [tid: _ThreadID=30 _ThreadName=RunLevelControllerThread-1573317142098] [timeMillis: 1573317154507] [levelValue: 800] [[
  Network Listener JMS_PROXY_default_JMS_host started in: 4ms - bound to [/0.0.0.0:7676]]]

[2019-11-09T17:32:34.744+0100] [Payara 5.193] [INFO] [] [org.jvnet.hk2.osgiadapter] [tid: _ThreadID=23 _ThreadName=FelixStartLevel] [timeMillis: 1573317154744] [levelValue: 800] [[
  Skipping registration of inhabitant for service reference [org.osgi.service.metatype.MetaTypeProvider] as the service object could not be obtained.]]

[2019-11-09T17:32:34.758+0100] [Payara 5.193] [INFO] [NCLS-JMX-00005] [javax.enterprise.system.jmx] [tid: _ThreadID=138 _ThreadName=Thread-11] [timeMillis: 1573317154758] [levelValue: 800] [[
  JMXStartupService has started JMXConnector on JMXService URL service:jmx:rmi://0.0.0.0:8686/jndi/rmi://0.0.0.0:8686/jmxrmi]]

[2019-11-09T17:32:36.193+0100] [Payara 5.193] [INFO] [AS-EJB-00054] [javax.enterprise.ejb.container] [tid: _ThreadID=53 _ThreadName=admin-thread-pool::admin-listener(1)] [timeMillis: 1573317156193] [levelValue: 800] [[
  Portable JNDI names for EJB PiloteDAO: [java:global/Project-One/PiloteDAO, java:global/Project-One/PiloteDAO!services.dao.PiloteDAOLocal]]]

[2019-11-09T17:32:36.201+0100] [Payara 5.193] [INFO] [AS-EJB-00054] [javax.enterprise.ejb.container] [tid: _ThreadID=53 _ThreadName=admin-thread-pool::admin-listener(1)] [timeMillis: 1573317156201] [levelValue: 800] [[
  Portable JNDI names for EJB VolDAO: [java:global/Project-One/VolDAO!services.dao.VolDAOLocal, java:global/Project-One/VolDAO]]]

[2019-11-09T17:32:36.207+0100] [Payara 5.193] [INFO] [AS-EJB-00054] [javax.enterprise.ejb.container] [tid: _ThreadID=53 _ThreadName=admin-thread-pool::admin-listener(1)] [timeMillis: 1573317156207] [levelValue: 800] [[
  Portable JNDI names for EJB TrajetDAO: [java:global/Project-One/TrajetDAO!services.dao.TrajetDAOLocal, java:global/Project-One/TrajetDAO]]]

[2019-11-09T17:32:36.213+0100] [Payara 5.193] [INFO] [AS-EJB-00054] [javax.enterprise.ejb.container] [tid: _ThreadID=53 _ThreadName=admin-thread-pool::admin-listener(1)] [timeMillis: 1573317156213] [levelValue: 800] [[
  Portable JNDI names for EJB AvionDAO: [java:global/Project-One/AvionDAO, java:global/Project-One/AvionDAO!services.dao.AvionDAOLocal]]]

[2019-11-09T17:32:36.599+0100] [Payara 5.193] [INFO] [] [fish.payara.micro.cdi.extension.ClusteredCDIEventBusImpl] [tid: _ThreadID=53 _ThreadName=admin-thread-pool::admin-listener(1)] [timeMillis: 1573317156599] [levelValue: 800] [[
  Clustered CDI Event bus initialized]]

[2019-11-09T17:32:36.634+0100] [Payara 5.193] [INFO] [] [org.glassfish.soteria.servlet.SamRegistrationInstaller] [tid: _ThreadID=53 _ThreadName=admin-thread-pool::admin-listener(1)] [timeMillis: 1573317156634] [levelValue: 800] [[
  Initializing Soteria 1.1-b01 for context '/Project-One']]

[2019-11-09T17:32:36.662+0100] [Payara 5.193] [INFO] [jsf.config.listener.version] [javax.enterprise.resource.webcontainer.jsf.config] [tid: _ThreadID=53 _ThreadName=admin-thread-pool::admin-listener(1)] [timeMillis: 1573317156662] [levelValue: 800] [[
  Initializing Mojarra 2.3.9.payara-p3 for context '/Project-One']]

[2019-11-09T17:32:36.828+0100] [Payara 5.193] [INFO] [AS-WEB-GLUE-00172] [javax.enterprise.web] [tid: _ThreadID=53 _ThreadName=admin-thread-pool::admin-listener(1)] [timeMillis: 1573317156828] [levelValue: 800] [[
  Loading application [Project-One] at [/Project-One]]]

[2019-11-09T17:32:36.929+0100] [Payara 5.193] [INFO] [] [javax.enterprise.system.core] [tid: _ThreadID=53 _ThreadName=admin-thread-pool::admin-listener(1)] [timeMillis: 1573317156929] [levelValue: 800] [[
  Project-One was successfully deployed in 2,013 milliseconds.]]

[2019-11-09T17:37:18.118+0100] [Payara 5.193] [INFO] [AS-EJB-00054] [javax.enterprise.ejb.container] [tid: _ThreadID=53 _ThreadName=admin-thread-pool::admin-listener(1)] [timeMillis: 1573317438118] [levelValue: 800] [[
  Portable JNDI names for EJB TrajetDAO: [java:global/Project-One/TrajetDAO!services.dao.TrajetDAOLocal, java:global/Project-One/TrajetDAO]]]

[2019-11-09T17:37:18.127+0100] [Payara 5.193] [INFO] [AS-EJB-00054] [javax.enterprise.ejb.container] [tid: _ThreadID=53 _ThreadName=admin-thread-pool::admin-listener(1)] [timeMillis: 1573317438127] [levelValue: 800] [[
  Portable JNDI names for EJB PiloteDAO: [java:global/Project-One/PiloteDAO, java:global/Project-One/PiloteDAO!services.dao.PiloteDAOLocal]]]

[2019-11-09T17:37:18.137+0100] [Payara 5.193] [INFO] [AS-EJB-00054] [javax.enterprise.ejb.container] [tid: _ThreadID=53 _ThreadName=admin-thread-pool::admin-listener(1)] [timeMillis: 1573317438137] [levelValue: 800] [[
  Portable JNDI names for EJB VolDAO: [java:global/Project-One/VolDAO!services.dao.VolDAOLocal, java:global/Project-One/VolDAO]]]

[2019-11-09T17:37:18.146+0100] [Payara 5.193] [INFO] [AS-EJB-00054] [javax.enterprise.ejb.container] [tid: _ThreadID=53 _ThreadName=admin-thread-pool::admin-listener(1)] [timeMillis: 1573317438146] [levelValue: 800] [[
  Portable JNDI names for EJB AvionDAO: [java:global/Project-One/AvionDAO, java:global/Project-One/AvionDAO!services.dao.AvionDAOLocal]]]

[2019-11-09T17:37:18.860+0100] [Payara 5.193] [INFO] [] [fish.payara.micro.cdi.extension.ClusteredCDIEventBusImpl] [tid: _ThreadID=53 _ThreadName=admin-thread-pool::admin-listener(1)] [timeMillis: 1573317438860] [levelValue: 800] [[
  Clustered CDI Event bus initialized]]

[2019-11-09T17:37:18.922+0100] [Payara 5.193] [INFO] [] [org.glassfish.soteria.servlet.SamRegistrationInstaller] [tid: _ThreadID=53 _ThreadName=admin-thread-pool::admin-listener(1)] [timeMillis: 1573317438922] [levelValue: 800] [[
  Initializing Soteria 1.1-b01 for context '/Project-One']]

[2019-11-09T17:37:18.953+0100] [Payara 5.193] [INFO] [jsf.config.listener.version] [javax.enterprise.resource.webcontainer.jsf.config] [tid: _ThreadID=53 _ThreadName=admin-thread-pool::admin-listener(1)] [timeMillis: 1573317438953] [levelValue: 800] [[
  Initializing Mojarra 2.3.9.payara-p3 for context '/Project-One']]

[2019-11-09T17:37:19.198+0100] [Payara 5.193] [INFO] [AS-WEB-GLUE-00172] [javax.enterprise.web] [tid: _ThreadID=53 _ThreadName=admin-thread-pool::admin-listener(1)] [timeMillis: 1573317439198] [levelValue: 800] [[
  Loading application [Project-One] at [/Project-One]]]

[2019-11-09T17:37:19.247+0100] [Payara 5.193] [INFO] [] [javax.enterprise.system.core] [tid: _ThreadID=53 _ThreadName=admin-thread-pool::admin-listener(1)] [timeMillis: 1573317439247] [levelValue: 800] [[
  Project-One was successfully deployed in 2,118 milliseconds.]]

[2019-11-09T17:39:39.719+0100] [Payara 5.193] [INFO] [AS-EJB-00054] [javax.enterprise.ejb.container] [tid: _ThreadID=53 _ThreadName=admin-thread-pool::admin-listener(1)] [timeMillis: 1573317579719] [levelValue: 800] [[
  Portable JNDI names for EJB TrajetDAO: [java:global/Project-One/TrajetDAO!services.dao.TrajetDAOLocal, java:global/Project-One/TrajetDAO]]]

[2019-11-09T17:39:39.733+0100] [Payara 5.193] [INFO] [AS-EJB-00054] [javax.enterprise.ejb.container] [tid: _ThreadID=53 _ThreadName=admin-thread-pool::admin-listener(1)] [timeMillis: 1573317579733] [levelValue: 800] [[
  Portable JNDI names for EJB PiloteDAO: [java:global/Project-One/PiloteDAO, java:global/Project-One/PiloteDAO!services.dao.PiloteDAOLocal]]]

[2019-11-09T17:39:39.749+0100] [Payara 5.193] [INFO] [AS-EJB-00054] [javax.enterprise.ejb.container] [tid: _ThreadID=53 _ThreadName=admin-thread-pool::admin-listener(1)] [timeMillis: 1573317579749] [levelValue: 800] [[
  Portable JNDI names for EJB VolDAO: [java:global/Project-One/VolDAO!services.dao.VolDAOLocal, java:global/Project-One/VolDAO]]]

[2019-11-09T17:39:39.762+0100] [Payara 5.193] [INFO] [AS-EJB-00054] [javax.enterprise.ejb.container] [tid: _ThreadID=53 _ThreadName=admin-thread-pool::admin-listener(1)] [timeMillis: 1573317579762] [levelValue: 800] [[
  Portable JNDI names for EJB AvionDAO: [java:global/Project-One/AvionDAO, java:global/Project-One/AvionDAO!services.dao.AvionDAOLocal]]]

[2019-11-09T17:39:40.278+0100] [Payara 5.193] [INFO] [] [fish.payara.micro.cdi.extension.ClusteredCDIEventBusImpl] [tid: _ThreadID=53 _ThreadName=admin-thread-pool::admin-listener(1)] [timeMillis: 1573317580278] [levelValue: 800] [[
  Clustered CDI Event bus initialized]]

[2019-11-09T17:39:40.315+0100] [Payara 5.193] [INFO] [] [org.glassfish.soteria.servlet.SamRegistrationInstaller] [tid: _ThreadID=53 _ThreadName=admin-thread-pool::admin-listener(1)] [timeMillis: 1573317580315] [levelValue: 800] [[
  Initializing Soteria 1.1-b01 for context '/Project-One']]

[2019-11-09T17:39:40.348+0100] [Payara 5.193] [INFO] [jsf.config.listener.version] [javax.enterprise.resource.webcontainer.jsf.config] [tid: _ThreadID=53 _ThreadName=admin-thread-pool::admin-listener(1)] [timeMillis: 1573317580348] [levelValue: 800] [[
  Initializing Mojarra 2.3.9.payara-p3 for context '/Project-One']]

[2019-11-09T17:39:40.629+0100] [Payara 5.193] [INFO] [AS-WEB-GLUE-00172] [javax.enterprise.web] [tid: _ThreadID=53 _ThreadName=admin-thread-pool::admin-listener(1)] [timeMillis: 1573317580629] [levelValue: 800] [[
  Loading application [Project-One] at [/Project-One]]]

[2019-11-09T17:39:40.838+0100] [Payara 5.193] [INFO] [] [javax.enterprise.system.core] [tid: _ThreadID=53 _ThreadName=admin-thread-pool::admin-listener(1)] [timeMillis: 1573317580838] [levelValue: 800] [[
  Project-One was successfully deployed in 1,816 milliseconds.]]

